2025-10-13T12:51:39.183-04:00  INFO 32752 --- [main] com.spring.hapi.fhirclient.Application       : Starting Application using Java 20 with PID 32752 (C:\Users\alpiv\Downloads\spring-hapi-fhir-client-template\target\classes started by alpivonka in C:\Users\alpiv\Downloads\spring-hapi-fhir-client-template)
2025-10-13T12:51:39.186-04:00  INFO 32752 --- [main] com.spring.hapi.fhirclient.Application       : No active profile set, falling back to 1 default profile: "default"
2025-10-13T12:51:39.990-04:00  INFO 32752 --- [main] o.s.b.w.embedded.tomcat.TomcatWebServer  : Tomcat initialized with port 8080 (http)
2025-10-13T12:51:40.001-04:00  INFO 32752 --- [main] o.apache.catalina.core.StandardService   : Starting service [Tomcat]
2025-10-13T12:51:40.002-04:00  INFO 32752 --- [main] o.apache.catalina.core.StandardEngine    : Starting Servlet engine: [Apache Tomcat/10.1.30]
2025-10-13T12:51:40.062-04:00  INFO 32752 --- [main] o.a.c.c.C.[Tomcat].[localhost].[/]       : Initializing Spring embedded WebApplicationContext
2025-10-13T12:51:40.062-04:00  INFO 32752 --- [main] w.s.c.ServletWebServerApplicationContext : Root WebApplicationContext: initialization completed in 841 ms
2025-10-13T12:51:40.623-04:00  INFO 32752 --- [main] o.s.b.w.embedded.tomcat.TomcatWebServer  : Tomcat started on port 8080 (http) with context path '/'
2025-10-13T12:51:40.630-04:00  INFO 32752 --- [main] com.spring.hapi.fhirclient.Application       : Started Application in 1.827 seconds (process running for 2.145)
2025-10-13T12:51:41.492-04:00  INFO 32752 --- [main] ca.uhn.fhir.util.VersionUtil             : HAPI FHIR version 8.2.1 - Rev e998047941
2025-10-13T12:51:41.496-04:00  INFO 32752 --- [main] ca.uhn.fhir.context.FhirContext          : Creating new FHIR context for FHIR version [R4]
2025-10-13T12:51:41.561-04:00  INFO 32752 --- [main] ca.uhn.fhir.util.XmlUtil                 : Unable to determine StAX implementation: java.xml/META-INF/MANIFEST.MF not found
2025-10-13T12:51:42.100-04:00  INFO 32752 --- [main] c.e.f.interceptors.RawUrlLoggerIntc      : [FHIR-URL] method=GET raw=https://hapi.fhir.org/baseR4/metadata ascii=https://hapi.fhir.org/baseR4/metadata decoded=https://hapi.fhir.org/baseR4/metadata
2025-10-13T12:51:42.101-04:00  INFO 32752 --- [main] c.u.f.r.c.i.LoggingInterceptor           : Client request: GET https://hapi.fhir.org/baseR4/metadata HTTP/1.1
2025-10-13T12:51:42.377-04:00  INFO 32752 --- [main] c.u.f.r.c.i.LoggingInterceptor           : Client response: HTTP 200 OK (CapabilityStatement/bfadccfe-4ac9-4a01-a595-10315da79a04) in 273ms
2025-10-13T12:51:42.378-04:00  INFO 32752 --- [main] c.e.fhirclient.interceptors.TimingIntc   : [TIMING] GET https://hapi.fhir.org/baseR4/metadata -> 277 ms
2025-10-13T12:51:42.530-04:00  INFO 32752 --- [main] c.e.f.interceptors.RawUrlLoggerIntc      : [FHIR-URL] method=GET raw=https://hapi.fhir.org/baseR4/metadata ascii=https://hapi.fhir.org/baseR4/metadata decoded=https://hapi.fhir.org/baseR4/metadata
2025-10-13T12:51:42.531-04:00  INFO 32752 --- [main] c.u.f.r.c.i.LoggingInterceptor           : Client request: GET https://hapi.fhir.org/baseR4/metadata HTTP/1.1
2025-10-13T12:51:42.605-04:00  INFO 32752 --- [main] c.u.f.r.c.i.LoggingInterceptor           : Client response: HTTP 200 OK (CapabilityStatement/bfadccfe-4ac9-4a01-a595-10315da79a04) in 74ms
2025-10-13T12:51:42.606-04:00  INFO 32752 --- [main] c.e.fhirclient.interceptors.TimingIntc   : [TIMING] GET https://hapi.fhir.org/baseR4/metadata -> 74 ms
2025-10-13T12:51:42.944-04:00  INFO 32752 --- [main] c.e.f.interceptors.RawUrlLoggerIntc      : [FHIR-URL] method=GET raw=https://hapi.fhir.org/baseR4/Observation?code=http%3A%2F%2Floinc.org%5C%7C8480-6%5C%2Chttp%3A%2F%2Floinc.org%5C%7C8462-4&date=ge2024-01-01&subject=Patient%2F123&_include=Observation%3Asubject&_include=Observation%3Aperformer&_sort=-date&_count=100&_summary=data ascii=https://hapi.fhir.org/baseR4/Observation?code=http%3A%2F%2Floinc.org%5C%7C8480-6%5C%2Chttp%3A%2F%2Floinc.org%5C%7C8462-4&date=ge2024-01-01&subject=Patient%2F123&_include=Observation%3Asubject&_include=Observation%3Aperformer&_sort=-date&_count=100&_summary=data decoded=https://hapi.fhir.org/baseR4/Observation?code=http://loinc.org\|8480-6\,http://loinc.org\|8462-4&date=ge2024-01-01&subject=Patient/123&_include=Observation:subject&_include=Observation:performer&_sort=-date&_count=100&_summary=data
2025-10-13T12:51:42.945-04:00  INFO 32752 --- [main] c.u.f.r.c.i.LoggingInterceptor           : Client request: GET https://hapi.fhir.org/baseR4/Observation?code=http%3A%2F%2Floinc.org%5C%7C8480-6%5C%2Chttp%3A%2F%2Floinc.org%5C%7C8462-4&date=ge2024-01-01&subject=Patient%2F123&_include=Observation%3Asubject&_include=Observation%3Aperformer&_sort=-date&_count=100&_summary=data HTTP/1.1
2025-10-13T12:51:42.997-04:00  INFO 32752 --- [main] c.u.f.r.c.i.LoggingInterceptor           : Client response: HTTP 200 OK in 52ms
2025-10-13T12:51:42.997-04:00  INFO 32752 --- [main] c.e.fhirclient.interceptors.TimingIntc   : [TIMING] GET https://hapi.fhir.org/baseR4/Observation?code=http%3A%2F%2Floinc.org%5C%7C8480-6%5C%2Chttp%3A%2F%2Floinc.org%5C%7C8462-4&date=ge2024-01-01&subject=Patient%2F123&_include=Observation%3Asubject&_include=Observation%3Aperformer&_sort=-date&_count=100&_summary=data -> 52 ms
2025-10-13T12:51:43.488-04:00  INFO 32752 --- [main] ca.uhn.fhir.context.FhirContext          : Creating new FHIR context for FHIR version [R4]
2025-10-13T12:51:43.516-04:00  INFO 32752 --- [main] c.e.f.interceptors.RawUrlLoggerIntc      : [FHIR-URL] method=GET raw=https://hapi.fhir.org/baseR4/metadata ascii=https://hapi.fhir.org/baseR4/metadata decoded=https://hapi.fhir.org/baseR4/metadata
2025-10-13T12:51:43.517-04:00  INFO 32752 --- [main] c.u.f.r.c.i.LoggingInterceptor           : Client request: GET https://hapi.fhir.org/baseR4/metadata HTTP/1.1
2025-10-13T12:51:43.736-04:00  INFO 32752 --- [main] c.u.f.r.c.i.LoggingInterceptor           : Client response: HTTP 200 OK (CapabilityStatement/bfadccfe-4ac9-4a01-a595-10315da79a04) in 219ms
2025-10-13T12:51:43.737-04:00  INFO 32752 --- [main] c.e.fhirclient.interceptors.TimingIntc   : [TIMING] GET https://hapi.fhir.org/baseR4/metadata -> 220 ms
2025-10-13T12:51:43.862-04:00  INFO 32752 --- [main] c.e.f.interceptors.RawUrlLoggerIntc      : [FHIR-URL] method=GET raw=https://hapi.fhir.org/baseR4/metadata ascii=https://hapi.fhir.org/baseR4/metadata decoded=https://hapi.fhir.org/baseR4/metadata
2025-10-13T12:51:43.863-04:00  INFO 32752 --- [main] c.u.f.r.c.i.LoggingInterceptor           : Client request: GET https://hapi.fhir.org/baseR4/metadata HTTP/1.1
2025-10-13T12:51:43.937-04:00  INFO 32752 --- [main] c.u.f.r.c.i.LoggingInterceptor           : Client response: HTTP 200 OK (CapabilityStatement/bfadccfe-4ac9-4a01-a595-10315da79a04) in 74ms
2025-10-13T12:51:43.937-04:00  INFO 32752 --- [main] c.e.fhirclient.interceptors.TimingIntc   : [TIMING] GET https://hapi.fhir.org/baseR4/metadata -> 74 ms
2025-10-13T12:51:44.073-04:00  INFO 32752 --- [main] c.e.f.interceptors.RawUrlLoggerIntc      : [FHIR-URL] method=GET raw=https://hapi.fhir.org/baseR4/Patient?_has%3AObservation%3Asubject%3Acode=http%3A%2F%2Floinc.org%5C%7C72166-2&_count=200&_elements=address%2Cid ascii=https://hapi.fhir.org/baseR4/Patient?_has%3AObservation%3Asubject%3Acode=http%3A%2F%2Floinc.org%5C%7C72166-2&_count=200&_elements=address%2Cid decoded=https://hapi.fhir.org/baseR4/Patient?_has:Observation:subject:code=http://loinc.org\|72166-2&_count=200&_elements=address,id
2025-10-13T12:51:44.073-04:00  INFO 32752 --- [main] c.u.f.r.c.i.LoggingInterceptor           : Client request: GET https://hapi.fhir.org/baseR4/Patient?_has%3AObservation%3Asubject%3Acode=http%3A%2F%2Floinc.org%5C%7C72166-2&_count=200&_elements=address%2Cid HTTP/1.1
2025-10-13T12:51:44.123-04:00  INFO 32752 --- [main] c.u.f.r.c.i.LoggingInterceptor           : Client response: HTTP 200 OK in 50ms
2025-10-13T12:51:44.123-04:00  INFO 32752 --- [main] c.e.fhirclient.interceptors.TimingIntc   : [TIMING] GET https://hapi.fhir.org/baseR4/Patient?_has%3AObservation%3Asubject%3Acode=http%3A%2F%2Floinc.org%5C%7C72166-2&_count=200&_elements=address%2Cid -> 50 ms
2025-10-13T12:57:32.391-04:00  INFO 51780 --- [main] com.spring.hapi.fhirclient.Application       : Starting Application using Java 20 with PID 51780 (C:\Users\alpiv\Downloads\spring-hapi-fhir-client-template\target\classes started by alpivonka in C:\Users\alpiv\Downloads\spring-hapi-fhir-client-template)
2025-10-13T12:57:32.394-04:00  INFO 51780 --- [main] com.spring.hapi.fhirclient.Application       : No active profile set, falling back to 1 default profile: "default"
2025-10-13T12:57:33.225-04:00  INFO 51780 --- [main] o.s.b.w.embedded.tomcat.TomcatWebServer  : Tomcat initialized with port 8080 (http)
2025-10-13T12:57:33.235-04:00  INFO 51780 --- [main] o.apache.catalina.core.StandardService   : Starting service [Tomcat]
2025-10-13T12:57:33.236-04:00  INFO 51780 --- [main] o.apache.catalina.core.StandardEngine    : Starting Servlet engine: [Apache Tomcat/10.1.30]
2025-10-13T12:57:33.291-04:00  INFO 51780 --- [main] o.a.c.c.C.[Tomcat].[localhost].[/]       : Initializing Spring embedded WebApplicationContext
2025-10-13T12:57:33.292-04:00  INFO 51780 --- [main] w.s.c.ServletWebServerApplicationContext : Root WebApplicationContext: initialization completed in 860 ms
2025-10-13T12:57:33.770-04:00  INFO 51780 --- [main] o.s.b.w.embedded.tomcat.TomcatWebServer  : Tomcat started on port 8080 (http) with context path '/'
2025-10-13T12:57:33.777-04:00  INFO 51780 --- [main] com.spring.hapi.fhirclient.Application       : Started Application in 1.779 seconds (process running for 2.102)
2025-10-13T12:57:34.600-04:00  INFO 51780 --- [main] ca.uhn.fhir.util.VersionUtil             : HAPI FHIR version 8.2.1 - Rev e998047941
2025-10-13T12:57:34.604-04:00  INFO 51780 --- [main] ca.uhn.fhir.context.FhirContext          : Creating new FHIR context for FHIR version [R4]
2025-10-13T12:57:34.671-04:00  INFO 51780 --- [main] ca.uhn.fhir.util.XmlUtil                 : Unable to determine StAX implementation: java.xml/META-INF/MANIFEST.MF not found
2025-10-13T12:57:35.250-04:00  INFO 51780 --- [main] c.e.f.interceptors.RawUrlLoggerIntc      : [FHIR-URL] method=GET raw=https://hapi.fhir.org/baseR4/metadata ascii=https://hapi.fhir.org/baseR4/metadata decoded=https://hapi.fhir.org/baseR4/metadata
2025-10-13T12:57:35.252-04:00  INFO 51780 --- [main] c.u.f.r.c.i.LoggingInterceptor           : Client request: GET https://hapi.fhir.org/baseR4/metadata HTTP/1.1
2025-10-13T12:57:35.519-04:00  INFO 51780 --- [main] c.u.f.r.c.i.LoggingInterceptor           : Client response: HTTP 200 OK (CapabilityStatement/7299c685-40c9-4113-8af9-5c82a057d68d) in 264ms
2025-10-13T12:57:35.520-04:00  INFO 51780 --- [main] c.e.fhirclient.interceptors.TimingIntc   : [TIMING] GET https://hapi.fhir.org/baseR4/metadata -> 269 ms
2025-10-13T12:57:35.670-04:00  INFO 51780 --- [main] c.e.f.interceptors.RawUrlLoggerIntc      : [FHIR-URL] method=GET raw=https://hapi.fhir.org/baseR4/metadata ascii=https://hapi.fhir.org/baseR4/metadata decoded=https://hapi.fhir.org/baseR4/metadata
2025-10-13T12:57:35.670-04:00  INFO 51780 --- [main] c.u.f.r.c.i.LoggingInterceptor           : Client request: GET https://hapi.fhir.org/baseR4/metadata HTTP/1.1
2025-10-13T12:57:35.750-04:00  INFO 51780 --- [main] c.u.f.r.c.i.LoggingInterceptor           : Client response: HTTP 200 OK (CapabilityStatement/7299c685-40c9-4113-8af9-5c82a057d68d) in 79ms
2025-10-13T12:57:35.751-04:00  INFO 51780 --- [main] c.e.fhirclient.interceptors.TimingIntc   : [TIMING] GET https://hapi.fhir.org/baseR4/metadata -> 81 ms
2025-10-13T12:57:36.086-04:00  INFO 51780 --- [main] c.e.f.interceptors.RawUrlLoggerIntc      : [FHIR-URL] method=GET raw=https://hapi.fhir.org/baseR4/Observation?code=http%3A%2F%2Floinc.org%5C%7C8480-6%5C%2Chttp%3A%2F%2Floinc.org%5C%7C8462-4&date=ge2024-01-01&subject=Patient%2F123&_include=Observation%3Asubject&_include=Observation%3Aperformer&_sort=-date&_count=100&_summary=data ascii=https://hapi.fhir.org/baseR4/Observation?code=http%3A%2F%2Floinc.org%5C%7C8480-6%5C%2Chttp%3A%2F%2Floinc.org%5C%7C8462-4&date=ge2024-01-01&subject=Patient%2F123&_include=Observation%3Asubject&_include=Observation%3Aperformer&_sort=-date&_count=100&_summary=data decoded=https://hapi.fhir.org/baseR4/Observation?code=http://loinc.org\|8480-6\,http://loinc.org\|8462-4&date=ge2024-01-01&subject=Patient/123&_include=Observation:subject&_include=Observation:performer&_sort=-date&_count=100&_summary=data
2025-10-13T12:57:36.086-04:00  INFO 51780 --- [main] c.u.f.r.c.i.LoggingInterceptor           : Client request: GET https://hapi.fhir.org/baseR4/Observation?code=http%3A%2F%2Floinc.org%5C%7C8480-6%5C%2Chttp%3A%2F%2Floinc.org%5C%7C8462-4&date=ge2024-01-01&subject=Patient%2F123&_include=Observation%3Asubject&_include=Observation%3Aperformer&_sort=-date&_count=100&_summary=data HTTP/1.1
2025-10-13T12:57:36.161-04:00  INFO 51780 --- [main] c.u.f.r.c.i.LoggingInterceptor           : Client response: HTTP 200 OK in 75ms
2025-10-13T12:57:36.161-04:00  INFO 51780 --- [main] c.e.fhirclient.interceptors.TimingIntc   : [TIMING] GET https://hapi.fhir.org/baseR4/Observation?code=http%3A%2F%2Floinc.org%5C%7C8480-6%5C%2Chttp%3A%2F%2Floinc.org%5C%7C8462-4&date=ge2024-01-01&subject=Patient%2F123&_include=Observation%3Asubject&_include=Observation%3Aperformer&_sort=-date&_count=100&_summary=data -> 75 ms
2025-10-13T12:57:36.683-04:00  INFO 51780 --- [main] ca.uhn.fhir.context.FhirContext          : Creating new FHIR context for FHIR version [R4]
2025-10-13T12:57:36.726-04:00  INFO 51780 --- [main] c.e.f.interceptors.RawUrlLoggerIntc      : [FHIR-URL] method=GET raw=https://hapi.fhir.org/baseR4/metadata ascii=https://hapi.fhir.org/baseR4/metadata decoded=https://hapi.fhir.org/baseR4/metadata
2025-10-13T12:57:36.727-04:00  INFO 51780 --- [main] c.u.f.r.c.i.LoggingInterceptor           : Client request: GET https://hapi.fhir.org/baseR4/metadata HTTP/1.1
2025-10-13T12:57:36.957-04:00  INFO 51780 --- [main] c.u.f.r.c.i.LoggingInterceptor           : Client response: HTTP 200 OK (CapabilityStatement/7299c685-40c9-4113-8af9-5c82a057d68d) in 230ms
2025-10-13T12:57:36.958-04:00  INFO 51780 --- [main] c.e.fhirclient.interceptors.TimingIntc   : [TIMING] GET https://hapi.fhir.org/baseR4/metadata -> 231 ms
2025-10-13T12:57:37.104-04:00  INFO 51780 --- [main] c.e.f.interceptors.RawUrlLoggerIntc      : [FHIR-URL] method=GET raw=https://hapi.fhir.org/baseR4/metadata ascii=https://hapi.fhir.org/baseR4/metadata decoded=https://hapi.fhir.org/baseR4/metadata
2025-10-13T12:57:37.105-04:00  INFO 51780 --- [main] c.u.f.r.c.i.LoggingInterceptor           : Client request: GET https://hapi.fhir.org/baseR4/metadata HTTP/1.1
2025-10-13T12:57:37.187-04:00  INFO 51780 --- [main] c.u.f.r.c.i.LoggingInterceptor           : Client response: HTTP 200 OK (CapabilityStatement/7299c685-40c9-4113-8af9-5c82a057d68d) in 82ms
2025-10-13T12:57:37.188-04:00  INFO 51780 --- [main] c.e.fhirclient.interceptors.TimingIntc   : [TIMING] GET https://hapi.fhir.org/baseR4/metadata -> 83 ms
2025-10-13T12:57:37.334-04:00  INFO 51780 --- [main] c.e.f.interceptors.RawUrlLoggerIntc      : [FHIR-URL] method=GET raw=https://hapi.fhir.org/baseR4/Patient?_has%3AObservation%3Asubject%3Acode=http%3A%2F%2Floinc.org%7C72166-2&_count=200&_elements=address%2Cid ascii=https://hapi.fhir.org/baseR4/Patient?_has%3AObservation%3Asubject%3Acode=http%3A%2F%2Floinc.org%7C72166-2&_count=200&_elements=address%2Cid decoded=https://hapi.fhir.org/baseR4/Patient?_has:Observation:subject:code=http://loinc.org|72166-2&_count=200&_elements=address,id
2025-10-13T12:57:37.335-04:00  INFO 51780 --- [main] c.u.f.r.c.i.LoggingInterceptor           : Client request: GET https://hapi.fhir.org/baseR4/Patient?_has%3AObservation%3Asubject%3Acode=http%3A%2F%2Floinc.org%7C72166-2&_count=200&_elements=address%2Cid HTTP/1.1
2025-10-13T12:57:49.324-04:00  INFO 51780 --- [main] c.u.f.r.c.i.LoggingInterceptor           : Client response: HTTP 200 OK in 00:00:11.989
2025-10-13T12:57:49.325-04:00  INFO 51780 --- [main] c.e.fhirclient.interceptors.TimingIntc   : [TIMING] GET https://hapi.fhir.org/baseR4/Patient?_has%3AObservation%3Asubject%3Acode=http%3A%2F%2Floinc.org%7C72166-2&_count=200&_elements=address%2Cid -> 11990 ms
2025-10-13T12:58:43.347-04:00  INFO 50984 --- [main] com.spring.hapi.fhirclient.Application       : Starting Application using Java 20 with PID 50984 (C:\Users\alpiv\Downloads\spring-hapi-fhir-client-template\target\classes started by alpivonka in C:\Users\alpiv\Downloads\spring-hapi-fhir-client-template)
2025-10-13T12:58:43.349-04:00  INFO 50984 --- [main] com.spring.hapi.fhirclient.Application       : No active profile set, falling back to 1 default profile: "default"
2025-10-13T12:58:44.199-04:00  INFO 50984 --- [main] o.s.b.w.embedded.tomcat.TomcatWebServer  : Tomcat initialized with port 8080 (http)
2025-10-13T12:58:44.210-04:00  INFO 50984 --- [main] o.apache.catalina.core.StandardService   : Starting service [Tomcat]
2025-10-13T12:58:44.211-04:00  INFO 50984 --- [main] o.apache.catalina.core.StandardEngine    : Starting Servlet engine: [Apache Tomcat/10.1.30]
2025-10-13T12:58:44.269-04:00  INFO 50984 --- [main] o.a.c.c.C.[Tomcat].[localhost].[/]       : Initializing Spring embedded WebApplicationContext
2025-10-13T12:58:44.269-04:00  INFO 50984 --- [main] w.s.c.ServletWebServerApplicationContext : Root WebApplicationContext: initialization completed in 878 ms
2025-10-13T12:58:44.773-04:00  INFO 50984 --- [main] o.s.b.w.embedded.tomcat.TomcatWebServer  : Tomcat started on port 8080 (http) with context path '/'
2025-10-13T12:58:44.781-04:00  INFO 50984 --- [main] com.spring.hapi.fhirclient.Application       : Started Application in 1.856 seconds (process running for 2.191)
2025-10-13T12:58:45.572-04:00  INFO 50984 --- [main] ca.uhn.fhir.util.VersionUtil             : HAPI FHIR version 8.2.1 - Rev e998047941
2025-10-13T12:58:45.577-04:00  INFO 50984 --- [main] ca.uhn.fhir.context.FhirContext          : Creating new FHIR context for FHIR version [R4]
2025-10-13T12:58:45.642-04:00  INFO 50984 --- [main] ca.uhn.fhir.util.XmlUtil                 : Unable to determine StAX implementation: java.xml/META-INF/MANIFEST.MF not found
2025-10-13T12:58:46.230-04:00  INFO 50984 --- [main] c.e.f.interceptors.RawUrlLoggerIntc      : [FHIR-URL] method=GET raw=https://hapi.fhir.org/baseR4/metadata ascii=https://hapi.fhir.org/baseR4/metadata decoded=https://hapi.fhir.org/baseR4/metadata
2025-10-13T12:58:46.232-04:00  INFO 50984 --- [main] c.u.f.r.c.i.LoggingInterceptor           : Client request: GET https://hapi.fhir.org/baseR4/metadata HTTP/1.1
2025-10-13T12:58:46.499-04:00  INFO 50984 --- [main] c.u.f.r.c.i.LoggingInterceptor           : Client response: HTTP 200 OK (CapabilityStatement/be735b5d-85a6-48d6-819c-5bb03abce73e) in 264ms
2025-10-13T12:58:46.499-04:00  INFO 50984 --- [main] c.e.fhirclient.interceptors.TimingIntc   : [TIMING] GET https://hapi.fhir.org/baseR4/metadata -> 267 ms
2025-10-13T12:58:46.656-04:00  INFO 50984 --- [main] c.e.f.interceptors.RawUrlLoggerIntc      : [FHIR-URL] method=GET raw=https://hapi.fhir.org/baseR4/metadata ascii=https://hapi.fhir.org/baseR4/metadata decoded=https://hapi.fhir.org/baseR4/metadata
2025-10-13T12:58:46.657-04:00  INFO 50984 --- [main] c.u.f.r.c.i.LoggingInterceptor           : Client request: GET https://hapi.fhir.org/baseR4/metadata HTTP/1.1
2025-10-13T12:58:46.729-04:00  INFO 50984 --- [main] c.u.f.r.c.i.LoggingInterceptor           : Client response: HTTP 200 OK (CapabilityStatement/be735b5d-85a6-48d6-819c-5bb03abce73e) in 72ms
2025-10-13T12:58:46.730-04:00  INFO 50984 --- [main] c.e.fhirclient.interceptors.TimingIntc   : [TIMING] GET https://hapi.fhir.org/baseR4/metadata -> 73 ms
2025-10-13T12:58:47.114-04:00  INFO 50984 --- [main] c.e.f.interceptors.RawUrlLoggerIntc      : [FHIR-URL] method=GET raw=https://hapi.fhir.org/baseR4/Observation?code=http%3A%2F%2Floinc.org%5C%7C8480-6%5C%2Chttp%3A%2F%2Floinc.org%5C%7C8462-4&date=ge2024-01-01&subject=Patient%2F123&_include=Observation%3Asubject&_include=Observation%3Aperformer&_sort=-date&_count=100&_summary=data ascii=https://hapi.fhir.org/baseR4/Observation?code=http%3A%2F%2Floinc.org%5C%7C8480-6%5C%2Chttp%3A%2F%2Floinc.org%5C%7C8462-4&date=ge2024-01-01&subject=Patient%2F123&_include=Observation%3Asubject&_include=Observation%3Aperformer&_sort=-date&_count=100&_summary=data decoded=https://hapi.fhir.org/baseR4/Observation?code=http://loinc.org\|8480-6\,http://loinc.org\|8462-4&date=ge2024-01-01&subject=Patient/123&_include=Observation:subject&_include=Observation:performer&_sort=-date&_count=100&_summary=data
2025-10-13T12:58:47.114-04:00  INFO 50984 --- [main] c.u.f.r.c.i.LoggingInterceptor           : Client request: GET https://hapi.fhir.org/baseR4/Observation?code=http%3A%2F%2Floinc.org%5C%7C8480-6%5C%2Chttp%3A%2F%2Floinc.org%5C%7C8462-4&date=ge2024-01-01&subject=Patient%2F123&_include=Observation%3Asubject&_include=Observation%3Aperformer&_sort=-date&_count=100&_summary=data HTTP/1.1
2025-10-13T12:58:47.162-04:00  INFO 50984 --- [main] c.u.f.r.c.i.LoggingInterceptor           : Client response: HTTP 200 OK in 48ms
2025-10-13T12:58:47.163-04:00  INFO 50984 --- [main] c.e.fhirclient.interceptors.TimingIntc   : [TIMING] GET https://hapi.fhir.org/baseR4/Observation?code=http%3A%2F%2Floinc.org%5C%7C8480-6%5C%2Chttp%3A%2F%2Floinc.org%5C%7C8462-4&date=ge2024-01-01&subject=Patient%2F123&_include=Observation%3Asubject&_include=Observation%3Aperformer&_sort=-date&_count=100&_summary=data -> 49 ms
2025-10-13T12:58:47.700-04:00  INFO 50984 --- [main] ca.uhn.fhir.context.FhirContext          : Creating new FHIR context for FHIR version [R4]
2025-10-13T12:58:47.728-04:00  INFO 50984 --- [main] c.e.f.interceptors.RawUrlLoggerIntc      : [FHIR-URL] method=GET raw=https://hapi.fhir.org/baseR4/metadata ascii=https://hapi.fhir.org/baseR4/metadata decoded=https://hapi.fhir.org/baseR4/metadata
2025-10-13T12:58:47.729-04:00  INFO 50984 --- [main] c.u.f.r.c.i.LoggingInterceptor           : Client request: GET https://hapi.fhir.org/baseR4/metadata HTTP/1.1
2025-10-13T12:58:47.941-04:00  INFO 50984 --- [main] c.u.f.r.c.i.LoggingInterceptor           : Client response: HTTP 200 OK (CapabilityStatement/be735b5d-85a6-48d6-819c-5bb03abce73e) in 212ms
2025-10-13T12:58:47.941-04:00  INFO 50984 --- [main] c.e.fhirclient.interceptors.TimingIntc   : [TIMING] GET https://hapi.fhir.org/baseR4/metadata -> 212 ms
2025-10-13T12:58:48.060-04:00  INFO 50984 --- [main] c.e.f.interceptors.RawUrlLoggerIntc      : [FHIR-URL] method=GET raw=https://hapi.fhir.org/baseR4/metadata ascii=https://hapi.fhir.org/baseR4/metadata decoded=https://hapi.fhir.org/baseR4/metadata
2025-10-13T12:58:48.060-04:00  INFO 50984 --- [main] c.u.f.r.c.i.LoggingInterceptor           : Client request: GET https://hapi.fhir.org/baseR4/metadata HTTP/1.1
2025-10-13T12:58:48.136-04:00  INFO 50984 --- [main] c.u.f.r.c.i.LoggingInterceptor           : Client response: HTTP 200 OK (CapabilityStatement/be735b5d-85a6-48d6-819c-5bb03abce73e) in 76ms
2025-10-13T12:58:48.136-04:00  INFO 50984 --- [main] c.e.fhirclient.interceptors.TimingIntc   : [TIMING] GET https://hapi.fhir.org/baseR4/metadata -> 76 ms
2025-10-13T12:58:48.267-04:00  INFO 50984 --- [main] c.e.f.interceptors.RawUrlLoggerIntc      : [FHIR-URL] method=GET raw=https://hapi.fhir.org/baseR4/Patient?_has%3AObservation%3Asubject%3Acode=http%3A%2F%2Floinc.org%7C72166-2&_summary=count&_elements=address%2Cid ascii=https://hapi.fhir.org/baseR4/Patient?_has%3AObservation%3Asubject%3Acode=http%3A%2F%2Floinc.org%7C72166-2&_summary=count&_elements=address%2Cid decoded=https://hapi.fhir.org/baseR4/Patient?_has:Observation:subject:code=http://loinc.org|72166-2&_summary=count&_elements=address,id
2025-10-13T12:58:48.268-04:00  INFO 50984 --- [main] c.u.f.r.c.i.LoggingInterceptor           : Client request: GET https://hapi.fhir.org/baseR4/Patient?_has%3AObservation%3Asubject%3Acode=http%3A%2F%2Floinc.org%7C72166-2&_summary=count&_elements=address%2Cid HTTP/1.1
2025-10-13T12:58:58.551-04:00  INFO 50984 --- [main] c.u.f.r.c.i.LoggingInterceptor           : Client response: HTTP 400 Bad Request in 00:00:10.283
2025-10-13T12:58:58.552-04:00  INFO 50984 --- [main] c.e.fhirclient.interceptors.TimingIntc   : [TIMING] GET https://hapi.fhir.org/baseR4/Patient?_has%3AObservation%3Asubject%3Acode=http%3A%2F%2Floinc.org%7C72166-2&_summary=count&_elements=address%2Cid -> 10284 ms
2025-10-13T12:58:58.888-04:00  INFO 50984 --- [main] c.e.f.interceptors.RawUrlLoggerIntc      : [FHIR-URL] method=GET raw=https://hapi.fhir.org/baseR4/Patient?_has%3AObservation%3Asubject%3Acode=http%3A%2F%2Floinc.org%7C72166-2&_summary=count&_elements=address%2Cid ascii=https://hapi.fhir.org/baseR4/Patient?_has%3AObservation%3Asubject%3Acode=http%3A%2F%2Floinc.org%7C72166-2&_summary=count&_elements=address%2Cid decoded=https://hapi.fhir.org/baseR4/Patient?_has:Observation:subject:code=http://loinc.org|72166-2&_summary=count&_elements=address,id
2025-10-13T12:58:58.889-04:00  INFO 50984 --- [main] c.u.f.r.c.i.LoggingInterceptor           : Client request: GET https://hapi.fhir.org/baseR4/Patient?_has%3AObservation%3Asubject%3Acode=http%3A%2F%2Floinc.org%7C72166-2&_summary=count&_elements=address%2Cid HTTP/1.1
2025-10-13T12:58:59.023-04:00  INFO 50984 --- [main] c.u.f.r.c.i.LoggingInterceptor           : Client response: HTTP 400 Bad Request in 134ms
2025-10-13T12:58:59.025-04:00  INFO 50984 --- [main] c.e.fhirclient.interceptors.TimingIntc   : [TIMING] GET https://hapi.fhir.org/baseR4/Patient?_has%3AObservation%3Asubject%3Acode=http%3A%2F%2Floinc.org%7C72166-2&_summary=count&_elements=address%2Cid -> 136 ms
2025-10-13T12:58:59.336-04:00  INFO 50984 --- [main] c.e.f.interceptors.RawUrlLoggerIntc      : [FHIR-URL] method=GET raw=https://hapi.fhir.org/baseR4/Patient?_has%3AObservation%3Asubject%3Acode=http%3A%2F%2Floinc.org%7C72166-2&_summary=count&_elements=address%2Cid ascii=https://hapi.fhir.org/baseR4/Patient?_has%3AObservation%3Asubject%3Acode=http%3A%2F%2Floinc.org%7C72166-2&_summary=count&_elements=address%2Cid decoded=https://hapi.fhir.org/baseR4/Patient?_has:Observation:subject:code=http://loinc.org|72166-2&_summary=count&_elements=address,id
2025-10-13T12:58:59.337-04:00  INFO 50984 --- [main] c.u.f.r.c.i.LoggingInterceptor           : Client request: GET https://hapi.fhir.org/baseR4/Patient?_has%3AObservation%3Asubject%3Acode=http%3A%2F%2Floinc.org%7C72166-2&_summary=count&_elements=address%2Cid HTTP/1.1
2025-10-13T12:59:00.027-04:00  INFO 50984 --- [main] c.u.f.r.c.i.LoggingInterceptor           : Client response: HTTP 400 Bad Request in 688ms
2025-10-13T12:59:00.027-04:00  INFO 50984 --- [main] c.e.fhirclient.interceptors.TimingIntc   : [TIMING] GET https://hapi.fhir.org/baseR4/Patient?_has%3AObservation%3Asubject%3Acode=http%3A%2F%2Floinc.org%7C72166-2&_summary=count&_elements=address%2Cid -> 690 ms
2025-10-13T12:59:21.259-04:00  INFO 44616 --- [main] com.spring.hapi.fhirclient.Application       : Starting Application using Java 20 with PID 44616 (C:\Users\alpiv\Downloads\spring-hapi-fhir-client-template\target\classes started by alpivonka in C:\Users\alpiv\Downloads\spring-hapi-fhir-client-template)
2025-10-13T12:59:21.261-04:00  INFO 44616 --- [main] com.spring.hapi.fhirclient.Application       : No active profile set, falling back to 1 default profile: "default"
2025-10-13T12:59:22.067-04:00  INFO 44616 --- [main] o.s.b.w.embedded.tomcat.TomcatWebServer  : Tomcat initialized with port 8080 (http)
2025-10-13T12:59:22.077-04:00  INFO 44616 --- [main] o.apache.catalina.core.StandardService   : Starting service [Tomcat]
2025-10-13T12:59:22.079-04:00  INFO 44616 --- [main] o.apache.catalina.core.StandardEngine    : Starting Servlet engine: [Apache Tomcat/10.1.30]
2025-10-13T12:59:22.135-04:00  INFO 44616 --- [main] o.a.c.c.C.[Tomcat].[localhost].[/]       : Initializing Spring embedded WebApplicationContext
2025-10-13T12:59:22.136-04:00  INFO 44616 --- [main] w.s.c.ServletWebServerApplicationContext : Root WebApplicationContext: initialization completed in 838 ms
2025-10-13T12:59:22.612-04:00  INFO 44616 --- [main] o.s.b.w.embedded.tomcat.TomcatWebServer  : Tomcat started on port 8080 (http) with context path '/'
2025-10-13T12:59:22.620-04:00  INFO 44616 --- [main] com.spring.hapi.fhirclient.Application       : Started Application in 1.743 seconds (process running for 2.064)
2025-10-13T12:59:23.414-04:00  INFO 44616 --- [main] ca.uhn.fhir.util.VersionUtil             : HAPI FHIR version 8.2.1 - Rev e998047941
2025-10-13T12:59:23.418-04:00  INFO 44616 --- [main] ca.uhn.fhir.context.FhirContext          : Creating new FHIR context for FHIR version [R4]
2025-10-13T12:59:23.488-04:00  INFO 44616 --- [main] ca.uhn.fhir.util.XmlUtil                 : Unable to determine StAX implementation: java.xml/META-INF/MANIFEST.MF not found
2025-10-13T12:59:24.040-04:00  INFO 44616 --- [main] c.e.f.interceptors.RawUrlLoggerIntc      : [FHIR-URL] method=GET raw=https://hapi.fhir.org/baseR4/metadata ascii=https://hapi.fhir.org/baseR4/metadata decoded=https://hapi.fhir.org/baseR4/metadata
2025-10-13T12:59:24.041-04:00  INFO 44616 --- [main] c.u.f.r.c.i.LoggingInterceptor           : Client request: GET https://hapi.fhir.org/baseR4/metadata HTTP/1.1
2025-10-13T12:59:24.299-04:00  INFO 44616 --- [main] c.u.f.r.c.i.LoggingInterceptor           : Client response: HTTP 200 OK (CapabilityStatement/be735b5d-85a6-48d6-819c-5bb03abce73e) in 255ms
2025-10-13T12:59:24.299-04:00  INFO 44616 --- [main] c.e.fhirclient.interceptors.TimingIntc   : [TIMING] GET https://hapi.fhir.org/baseR4/metadata -> 258 ms
2025-10-13T12:59:24.466-04:00  INFO 44616 --- [main] c.e.f.interceptors.RawUrlLoggerIntc      : [FHIR-URL] method=GET raw=https://hapi.fhir.org/baseR4/metadata ascii=https://hapi.fhir.org/baseR4/metadata decoded=https://hapi.fhir.org/baseR4/metadata
2025-10-13T12:59:24.466-04:00  INFO 44616 --- [main] c.u.f.r.c.i.LoggingInterceptor           : Client request: GET https://hapi.fhir.org/baseR4/metadata HTTP/1.1
2025-10-13T12:59:24.538-04:00  INFO 44616 --- [main] c.u.f.r.c.i.LoggingInterceptor           : Client response: HTTP 200 OK (CapabilityStatement/be735b5d-85a6-48d6-819c-5bb03abce73e) in 71ms
2025-10-13T12:59:24.539-04:00  INFO 44616 --- [main] c.e.fhirclient.interceptors.TimingIntc   : [TIMING] GET https://hapi.fhir.org/baseR4/metadata -> 73 ms
2025-10-13T12:59:24.877-04:00  INFO 44616 --- [main] c.e.f.interceptors.RawUrlLoggerIntc      : [FHIR-URL] method=GET raw=https://hapi.fhir.org/baseR4/Observation?code=http%3A%2F%2Floinc.org%5C%7C8480-6%5C%2Chttp%3A%2F%2Floinc.org%5C%7C8462-4&date=ge2024-01-01&subject=Patient%2F123&_include=Observation%3Asubject&_include=Observation%3Aperformer&_sort=-date&_count=100&_summary=data ascii=https://hapi.fhir.org/baseR4/Observation?code=http%3A%2F%2Floinc.org%5C%7C8480-6%5C%2Chttp%3A%2F%2Floinc.org%5C%7C8462-4&date=ge2024-01-01&subject=Patient%2F123&_include=Observation%3Asubject&_include=Observation%3Aperformer&_sort=-date&_count=100&_summary=data decoded=https://hapi.fhir.org/baseR4/Observation?code=http://loinc.org\|8480-6\,http://loinc.org\|8462-4&date=ge2024-01-01&subject=Patient/123&_include=Observation:subject&_include=Observation:performer&_sort=-date&_count=100&_summary=data
2025-10-13T12:59:24.878-04:00  INFO 44616 --- [main] c.u.f.r.c.i.LoggingInterceptor           : Client request: GET https://hapi.fhir.org/baseR4/Observation?code=http%3A%2F%2Floinc.org%5C%7C8480-6%5C%2Chttp%3A%2F%2Floinc.org%5C%7C8462-4&date=ge2024-01-01&subject=Patient%2F123&_include=Observation%3Asubject&_include=Observation%3Aperformer&_sort=-date&_count=100&_summary=data HTTP/1.1
2025-10-13T12:59:24.919-04:00  INFO 44616 --- [main] c.u.f.r.c.i.LoggingInterceptor           : Client response: HTTP 200 OK in 41ms
2025-10-13T12:59:24.919-04:00  INFO 44616 --- [main] c.e.fhirclient.interceptors.TimingIntc   : [TIMING] GET https://hapi.fhir.org/baseR4/Observation?code=http%3A%2F%2Floinc.org%5C%7C8480-6%5C%2Chttp%3A%2F%2Floinc.org%5C%7C8462-4&date=ge2024-01-01&subject=Patient%2F123&_include=Observation%3Asubject&_include=Observation%3Aperformer&_sort=-date&_count=100&_summary=data -> 41 ms
2025-10-13T12:59:25.421-04:00  INFO 44616 --- [main] ca.uhn.fhir.context.FhirContext          : Creating new FHIR context for FHIR version [R4]
2025-10-13T12:59:25.466-04:00  INFO 44616 --- [main] c.e.f.interceptors.RawUrlLoggerIntc      : [FHIR-URL] method=GET raw=https://hapi.fhir.org/baseR4/metadata ascii=https://hapi.fhir.org/baseR4/metadata decoded=https://hapi.fhir.org/baseR4/metadata
2025-10-13T12:59:25.467-04:00  INFO 44616 --- [main] c.u.f.r.c.i.LoggingInterceptor           : Client request: GET https://hapi.fhir.org/baseR4/metadata HTTP/1.1
2025-10-13T12:59:25.672-04:00  INFO 44616 --- [main] c.u.f.r.c.i.LoggingInterceptor           : Client response: HTTP 200 OK (CapabilityStatement/be735b5d-85a6-48d6-819c-5bb03abce73e) in 205ms
2025-10-13T12:59:25.673-04:00  INFO 44616 --- [main] c.e.fhirclient.interceptors.TimingIntc   : [TIMING] GET https://hapi.fhir.org/baseR4/metadata -> 207 ms
2025-10-13T12:59:25.798-04:00  INFO 44616 --- [main] c.e.f.interceptors.RawUrlLoggerIntc      : [FHIR-URL] method=GET raw=https://hapi.fhir.org/baseR4/metadata ascii=https://hapi.fhir.org/baseR4/metadata decoded=https://hapi.fhir.org/baseR4/metadata
2025-10-13T12:59:25.798-04:00  INFO 44616 --- [main] c.u.f.r.c.i.LoggingInterceptor           : Client request: GET https://hapi.fhir.org/baseR4/metadata HTTP/1.1
2025-10-13T12:59:25.872-04:00  INFO 44616 --- [main] c.u.f.r.c.i.LoggingInterceptor           : Client response: HTTP 200 OK (CapabilityStatement/be735b5d-85a6-48d6-819c-5bb03abce73e) in 73ms
2025-10-13T12:59:25.873-04:00  INFO 44616 --- [main] c.e.fhirclient.interceptors.TimingIntc   : [TIMING] GET https://hapi.fhir.org/baseR4/metadata -> 75 ms
2025-10-13T12:59:26.030-04:00  INFO 44616 --- [main] c.e.f.interceptors.RawUrlLoggerIntc      : [FHIR-URL] method=GET raw=https://hapi.fhir.org/baseR4/Patient?_has%3AObservation%3Asubject%3Acode=http%3A%2F%2Floinc.org%7C72166-2&_summary=count ascii=https://hapi.fhir.org/baseR4/Patient?_has%3AObservation%3Asubject%3Acode=http%3A%2F%2Floinc.org%7C72166-2&_summary=count decoded=https://hapi.fhir.org/baseR4/Patient?_has:Observation:subject:code=http://loinc.org|72166-2&_summary=count
2025-10-13T12:59:26.030-04:00  INFO 44616 --- [main] c.u.f.r.c.i.LoggingInterceptor           : Client request: GET https://hapi.fhir.org/baseR4/Patient?_has%3AObservation%3Asubject%3Acode=http%3A%2F%2Floinc.org%7C72166-2&_summary=count HTTP/1.1
2025-10-13T12:59:26.071-04:00  INFO 44616 --- [main] c.u.f.r.c.i.LoggingInterceptor           : Client response: HTTP 200 OK in 41ms
2025-10-13T12:59:26.072-04:00  INFO 44616 --- [main] c.e.fhirclient.interceptors.TimingIntc   : [TIMING] GET https://hapi.fhir.org/baseR4/Patient?_has%3AObservation%3Asubject%3Acode=http%3A%2F%2Floinc.org%7C72166-2&_summary=count -> 42 ms
2025-10-13T13:00:29.910-04:00  INFO 21644 --- [main] com.spring.hapi.fhirclient.Application       : Starting Application using Java 20 with PID 21644 (C:\Users\alpiv\Downloads\spring-hapi-fhir-client-template\target\classes started by alpivonka in C:\Users\alpiv\Downloads\spring-hapi-fhir-client-template)
2025-10-13T13:00:29.913-04:00  INFO 21644 --- [main] com.spring.hapi.fhirclient.Application       : No active profile set, falling back to 1 default profile: "default"
2025-10-13T13:00:31.323-04:00  INFO 21644 --- [main] o.s.b.w.embedded.tomcat.TomcatWebServer  : Tomcat initialized with port 8080 (http)
2025-10-13T13:00:31.338-04:00  INFO 21644 --- [main] o.apache.catalina.core.StandardService   : Starting service [Tomcat]
2025-10-13T13:00:31.339-04:00  INFO 21644 --- [main] o.apache.catalina.core.StandardEngine    : Starting Servlet engine: [Apache Tomcat/10.1.30]
2025-10-13T13:00:31.415-04:00  INFO 21644 --- [main] o.a.c.c.C.[Tomcat].[localhost].[/]       : Initializing Spring embedded WebApplicationContext
2025-10-13T13:00:31.415-04:00  INFO 21644 --- [main] w.s.c.ServletWebServerApplicationContext : Root WebApplicationContext: initialization completed in 1446 ms
2025-10-13T13:00:32.182-04:00  INFO 21644 --- [main] o.s.b.w.embedded.tomcat.TomcatWebServer  : Tomcat started on port 8080 (http) with context path '/'
2025-10-13T13:00:32.190-04:00  INFO 21644 --- [main] com.spring.hapi.fhirclient.Application       : Started Application in 2.895 seconds (process running for 3.984)
2025-10-13T13:00:33.133-04:00  INFO 21644 --- [main] ca.uhn.fhir.util.VersionUtil             : HAPI FHIR version 8.2.1 - Rev e998047941
2025-10-13T13:00:33.140-04:00  INFO 21644 --- [main] ca.uhn.fhir.context.FhirContext          : Creating new FHIR context for FHIR version [R4]
2025-10-13T13:00:33.253-04:00  INFO 21644 --- [main] ca.uhn.fhir.util.XmlUtil                 : Unable to determine StAX implementation: java.xml/META-INF/MANIFEST.MF not found
2025-10-13T13:00:34.131-04:00  INFO 21644 --- [main] c.e.f.interceptors.RawUrlLoggerIntc      : [FHIR-URL] method=GET raw=https://hapi.fhir.org/baseR4/metadata ascii=https://hapi.fhir.org/baseR4/metadata decoded=https://hapi.fhir.org/baseR4/metadata
2025-10-13T13:00:34.133-04:00  INFO 21644 --- [main] c.u.f.r.c.i.LoggingInterceptor           : Client request: GET https://hapi.fhir.org/baseR4/metadata HTTP/1.1
2025-10-13T13:00:34.466-04:00  INFO 21644 --- [main] c.u.f.r.c.i.LoggingInterceptor           : Client response: HTTP 200 OK (CapabilityStatement/be735b5d-85a6-48d6-819c-5bb03abce73e) in 324ms
2025-10-13T13:00:34.467-04:00  INFO 21644 --- [main] c.e.fhirclient.interceptors.TimingIntc   : [TIMING] GET https://hapi.fhir.org/baseR4/metadata -> 334 ms
2025-10-13T13:00:34.902-04:00  INFO 21644 --- [main] c.e.f.interceptors.RawUrlLoggerIntc      : [FHIR-URL] method=GET raw=https://hapi.fhir.org/baseR4/metadata ascii=https://hapi.fhir.org/baseR4/metadata decoded=https://hapi.fhir.org/baseR4/metadata
2025-10-13T13:00:34.903-04:00  INFO 21644 --- [main] c.u.f.r.c.i.LoggingInterceptor           : Client request: GET https://hapi.fhir.org/baseR4/metadata HTTP/1.1
2025-10-13T13:00:34.975-04:00  INFO 21644 --- [main] c.u.f.r.c.i.LoggingInterceptor           : Client response: HTTP 200 OK (CapabilityStatement/be735b5d-85a6-48d6-819c-5bb03abce73e) in 72ms
2025-10-13T13:00:34.976-04:00  INFO 21644 --- [main] c.e.fhirclient.interceptors.TimingIntc   : [TIMING] GET https://hapi.fhir.org/baseR4/metadata -> 73 ms
2025-10-13T13:00:35.658-04:00  INFO 21644 --- [main] c.e.f.interceptors.RawUrlLoggerIntc      : [FHIR-URL] method=GET raw=https://hapi.fhir.org/baseR4/Observation?code=http%3A%2F%2Floinc.org%5C%7C8480-6%5C%2Chttp%3A%2F%2Floinc.org%5C%7C8462-4&date=ge2024-01-01&subject=Patient%2F123&_include=Observation%3Asubject&_include=Observation%3Aperformer&_sort=-date&_count=100&_summary=data ascii=https://hapi.fhir.org/baseR4/Observation?code=http%3A%2F%2Floinc.org%5C%7C8480-6%5C%2Chttp%3A%2F%2Floinc.org%5C%7C8462-4&date=ge2024-01-01&subject=Patient%2F123&_include=Observation%3Asubject&_include=Observation%3Aperformer&_sort=-date&_count=100&_summary=data decoded=https://hapi.fhir.org/baseR4/Observation?code=http://loinc.org\|8480-6\,http://loinc.org\|8462-4&date=ge2024-01-01&subject=Patient/123&_include=Observation:subject&_include=Observation:performer&_sort=-date&_count=100&_summary=data
2025-10-13T13:00:35.659-04:00  INFO 21644 --- [main] c.u.f.r.c.i.LoggingInterceptor           : Client request: GET https://hapi.fhir.org/baseR4/Observation?code=http%3A%2F%2Floinc.org%5C%7C8480-6%5C%2Chttp%3A%2F%2Floinc.org%5C%7C8462-4&date=ge2024-01-01&subject=Patient%2F123&_include=Observation%3Asubject&_include=Observation%3Aperformer&_sort=-date&_count=100&_summary=data HTTP/1.1
2025-10-13T13:00:35.704-04:00  INFO 21644 --- [main] c.u.f.r.c.i.LoggingInterceptor           : Client response: HTTP 200 OK in 45ms
2025-10-13T13:00:35.705-04:00  INFO 21644 --- [main] c.e.fhirclient.interceptors.TimingIntc   : [TIMING] GET https://hapi.fhir.org/baseR4/Observation?code=http%3A%2F%2Floinc.org%5C%7C8480-6%5C%2Chttp%3A%2F%2Floinc.org%5C%7C8462-4&date=ge2024-01-01&subject=Patient%2F123&_include=Observation%3Asubject&_include=Observation%3Aperformer&_sort=-date&_count=100&_summary=data -> 46 ms
2025-10-13T13:00:36.182-04:00  INFO 21644 --- [main] ca.uhn.fhir.context.FhirContext          : Creating new FHIR context for FHIR version [R4]
2025-10-13T13:00:36.227-04:00  INFO 21644 --- [main] c.e.f.interceptors.RawUrlLoggerIntc      : [FHIR-URL] method=GET raw=https://hapi.fhir.org/baseR4/metadata ascii=https://hapi.fhir.org/baseR4/metadata decoded=https://hapi.fhir.org/baseR4/metadata
2025-10-13T13:00:36.227-04:00  INFO 21644 --- [main] c.u.f.r.c.i.LoggingInterceptor           : Client request: GET https://hapi.fhir.org/baseR4/metadata HTTP/1.1
2025-10-13T13:00:36.450-04:00  INFO 21644 --- [main] c.u.f.r.c.i.LoggingInterceptor           : Client response: HTTP 200 OK (CapabilityStatement/be735b5d-85a6-48d6-819c-5bb03abce73e) in 223ms
2025-10-13T13:00:36.451-04:00  INFO 21644 --- [main] c.e.fhirclient.interceptors.TimingIntc   : [TIMING] GET https://hapi.fhir.org/baseR4/metadata -> 224 ms
2025-10-13T13:00:36.565-04:00  INFO 21644 --- [main] c.e.f.interceptors.RawUrlLoggerIntc      : [FHIR-URL] method=GET raw=https://hapi.fhir.org/baseR4/metadata ascii=https://hapi.fhir.org/baseR4/metadata decoded=https://hapi.fhir.org/baseR4/metadata
2025-10-13T13:00:36.566-04:00  INFO 21644 --- [main] c.u.f.r.c.i.LoggingInterceptor           : Client request: GET https://hapi.fhir.org/baseR4/metadata HTTP/1.1
2025-10-13T13:00:36.639-04:00  INFO 21644 --- [main] c.u.f.r.c.i.LoggingInterceptor           : Client response: HTTP 200 OK (CapabilityStatement/be735b5d-85a6-48d6-819c-5bb03abce73e) in 73ms
2025-10-13T13:00:36.640-04:00  INFO 21644 --- [main] c.e.fhirclient.interceptors.TimingIntc   : [TIMING] GET https://hapi.fhir.org/baseR4/metadata -> 75 ms
2025-10-13T13:00:36.759-04:00  INFO 21644 --- [main] c.e.f.interceptors.RawUrlLoggerIntc      : [FHIR-URL] method=GET raw=https://hapi.fhir.org/baseR4/Patient?_has%3AObservation%3Asubject%3Acode=http%3A%2F%2Floinc.org%7C72166-2&_summary=count ascii=https://hapi.fhir.org/baseR4/Patient?_has%3AObservation%3Asubject%3Acode=http%3A%2F%2Floinc.org%7C72166-2&_summary=count decoded=https://hapi.fhir.org/baseR4/Patient?_has:Observation:subject:code=http://loinc.org|72166-2&_summary=count
2025-10-13T13:00:36.759-04:00  INFO 21644 --- [main] c.u.f.r.c.i.LoggingInterceptor           : Client request: GET https://hapi.fhir.org/baseR4/Patient?_has%3AObservation%3Asubject%3Acode=http%3A%2F%2Floinc.org%7C72166-2&_summary=count HTTP/1.1
2025-10-13T13:00:47.136-04:00  INFO 21644 --- [main] c.u.f.r.c.i.LoggingInterceptor           : Client response: HTTP 200 OK in 00:00:10.377
2025-10-13T13:00:47.137-04:00  INFO 21644 --- [main] c.e.fhirclient.interceptors.TimingIntc   : [TIMING] GET https://hapi.fhir.org/baseR4/Patient?_has%3AObservation%3Asubject%3Acode=http%3A%2F%2Floinc.org%7C72166-2&_summary=count -> 10378 ms
2025-10-13T13:02:36.142-04:00  INFO 38404 --- [main] com.spring.hapi.fhirclient.Application       : Starting Application using Java 20 with PID 38404 (C:\Users\alpiv\Downloads\spring-hapi-fhir-client-template\target\classes started by alpivonka in C:\Users\alpiv\Downloads\spring-hapi-fhir-client-template)
2025-10-13T13:02:36.144-04:00  INFO 38404 --- [main] com.spring.hapi.fhirclient.Application       : No active profile set, falling back to 1 default profile: "default"
2025-10-13T13:02:37.514-04:00  INFO 38404 --- [main] o.s.b.w.embedded.tomcat.TomcatWebServer  : Tomcat initialized with port 8080 (http)
2025-10-13T13:02:37.534-04:00  INFO 38404 --- [main] o.apache.catalina.core.StandardService   : Starting service [Tomcat]
2025-10-13T13:02:37.534-04:00  INFO 38404 --- [main] o.apache.catalina.core.StandardEngine    : Starting Servlet engine: [Apache Tomcat/10.1.30]
2025-10-13T13:02:37.617-04:00  INFO 38404 --- [main] o.a.c.c.C.[Tomcat].[localhost].[/]       : Initializing Spring embedded WebApplicationContext
2025-10-13T13:02:37.617-04:00  INFO 38404 --- [main] w.s.c.ServletWebServerApplicationContext : Root WebApplicationContext: initialization completed in 1417 ms
2025-10-13T13:02:38.441-04:00  INFO 38404 --- [main] o.s.b.w.embedded.tomcat.TomcatWebServer  : Tomcat started on port 8080 (http) with context path '/'
2025-10-13T13:02:38.452-04:00  INFO 38404 --- [main] com.spring.hapi.fhirclient.Application       : Started Application in 2.967 seconds (process running for 3.613)
2025-10-13T13:02:39.541-04:00  INFO 38404 --- [main] ca.uhn.fhir.util.VersionUtil             : HAPI FHIR version 8.2.1 - Rev e998047941
2025-10-13T13:02:39.546-04:00  INFO 38404 --- [main] ca.uhn.fhir.context.FhirContext          : Creating new FHIR context for FHIR version [R4]
2025-10-13T13:02:39.642-04:00  INFO 38404 --- [main] ca.uhn.fhir.util.XmlUtil                 : Unable to determine StAX implementation: java.xml/META-INF/MANIFEST.MF not found
2025-10-13T13:02:40.384-04:00  INFO 38404 --- [main] c.e.f.interceptors.RawUrlLoggerIntc      : [FHIR-URL] method=GET raw=https://hapi.fhir.org/baseR4/metadata ascii=https://hapi.fhir.org/baseR4/metadata decoded=https://hapi.fhir.org/baseR4/metadata
2025-10-13T13:02:40.386-04:00  INFO 38404 --- [main] c.u.f.r.c.i.LoggingInterceptor           : Client request: GET https://hapi.fhir.org/baseR4/metadata HTTP/1.1
2025-10-13T13:02:40.674-04:00  INFO 38404 --- [main] c.u.f.r.c.i.LoggingInterceptor           : Client response: HTTP 200 OK (CapabilityStatement/be735b5d-85a6-48d6-819c-5bb03abce73e) in 284ms
2025-10-13T13:02:40.674-04:00  INFO 38404 --- [main] c.e.fhirclient.interceptors.TimingIntc   : [TIMING] GET https://hapi.fhir.org/baseR4/metadata -> 289 ms
2025-10-13T13:02:40.960-04:00  INFO 38404 --- [main] c.e.f.interceptors.RawUrlLoggerIntc      : [FHIR-URL] method=GET raw=https://hapi.fhir.org/baseR4/metadata ascii=https://hapi.fhir.org/baseR4/metadata decoded=https://hapi.fhir.org/baseR4/metadata
2025-10-13T13:02:40.960-04:00  INFO 38404 --- [main] c.u.f.r.c.i.LoggingInterceptor           : Client request: GET https://hapi.fhir.org/baseR4/metadata HTTP/1.1
2025-10-13T13:02:41.048-04:00  INFO 38404 --- [main] c.u.f.r.c.i.LoggingInterceptor           : Client response: HTTP 200 OK (CapabilityStatement/be735b5d-85a6-48d6-819c-5bb03abce73e) in 88ms
2025-10-13T13:02:41.048-04:00  INFO 38404 --- [main] c.e.fhirclient.interceptors.TimingIntc   : [TIMING] GET https://hapi.fhir.org/baseR4/metadata -> 88 ms
2025-10-13T13:02:41.626-04:00  INFO 38404 --- [main] c.e.f.interceptors.RawUrlLoggerIntc      : [FHIR-URL] method=GET raw=https://hapi.fhir.org/baseR4/Observation?code=http%3A%2F%2Floinc.org%5C%7C8480-6%5C%2Chttp%3A%2F%2Floinc.org%5C%7C8462-4&date=ge2024-01-01&subject=Patient%2F123&_include=Observation%3Asubject&_include=Observation%3Aperformer&_sort=-date&_count=100&_summary=data ascii=https://hapi.fhir.org/baseR4/Observation?code=http%3A%2F%2Floinc.org%5C%7C8480-6%5C%2Chttp%3A%2F%2Floinc.org%5C%7C8462-4&date=ge2024-01-01&subject=Patient%2F123&_include=Observation%3Asubject&_include=Observation%3Aperformer&_sort=-date&_count=100&_summary=data decoded=https://hapi.fhir.org/baseR4/Observation?code=http://loinc.org\|8480-6\,http://loinc.org\|8462-4&date=ge2024-01-01&subject=Patient/123&_include=Observation:subject&_include=Observation:performer&_sort=-date&_count=100&_summary=data
2025-10-13T13:02:41.626-04:00  INFO 38404 --- [main] c.u.f.r.c.i.LoggingInterceptor           : Client request: GET https://hapi.fhir.org/baseR4/Observation?code=http%3A%2F%2Floinc.org%5C%7C8480-6%5C%2Chttp%3A%2F%2Floinc.org%5C%7C8462-4&date=ge2024-01-01&subject=Patient%2F123&_include=Observation%3Asubject&_include=Observation%3Aperformer&_sort=-date&_count=100&_summary=data HTTP/1.1
2025-10-13T13:02:41.674-04:00  INFO 38404 --- [main] c.u.f.r.c.i.LoggingInterceptor           : Client response: HTTP 200 OK in 47ms
2025-10-13T13:02:41.674-04:00  INFO 38404 --- [main] c.e.fhirclient.interceptors.TimingIntc   : [TIMING] GET https://hapi.fhir.org/baseR4/Observation?code=http%3A%2F%2Floinc.org%5C%7C8480-6%5C%2Chttp%3A%2F%2Floinc.org%5C%7C8462-4&date=ge2024-01-01&subject=Patient%2F123&_include=Observation%3Asubject&_include=Observation%3Aperformer&_sort=-date&_count=100&_summary=data -> 48 ms
2025-10-13T13:02:42.198-04:00  INFO 38404 --- [main] ca.uhn.fhir.context.FhirContext          : Creating new FHIR context for FHIR version [R4]
2025-10-13T13:02:42.243-04:00  INFO 38404 --- [main] c.e.f.interceptors.RawUrlLoggerIntc      : [FHIR-URL] method=GET raw=https://hapi.fhir.org/baseR4/metadata ascii=https://hapi.fhir.org/baseR4/metadata decoded=https://hapi.fhir.org/baseR4/metadata
2025-10-13T13:02:42.243-04:00  INFO 38404 --- [main] c.u.f.r.c.i.LoggingInterceptor           : Client request: GET https://hapi.fhir.org/baseR4/metadata HTTP/1.1
2025-10-13T13:02:42.457-04:00  INFO 38404 --- [main] c.u.f.r.c.i.LoggingInterceptor           : Client response: HTTP 200 OK (CapabilityStatement/be735b5d-85a6-48d6-819c-5bb03abce73e) in 214ms
2025-10-13T13:02:42.458-04:00  INFO 38404 --- [main] c.e.fhirclient.interceptors.TimingIntc   : [TIMING] GET https://hapi.fhir.org/baseR4/metadata -> 215 ms
2025-10-13T13:02:42.575-04:00  INFO 38404 --- [main] c.e.f.interceptors.RawUrlLoggerIntc      : [FHIR-URL] method=GET raw=https://hapi.fhir.org/baseR4/metadata ascii=https://hapi.fhir.org/baseR4/metadata decoded=https://hapi.fhir.org/baseR4/metadata
2025-10-13T13:02:42.576-04:00  INFO 38404 --- [main] c.u.f.r.c.i.LoggingInterceptor           : Client request: GET https://hapi.fhir.org/baseR4/metadata HTTP/1.1
2025-10-13T13:02:42.649-04:00  INFO 38404 --- [main] c.u.f.r.c.i.LoggingInterceptor           : Client response: HTTP 200 OK (CapabilityStatement/be735b5d-85a6-48d6-819c-5bb03abce73e) in 73ms
2025-10-13T13:02:42.650-04:00  INFO 38404 --- [main] c.e.fhirclient.interceptors.TimingIntc   : [TIMING] GET https://hapi.fhir.org/baseR4/metadata -> 74 ms
2025-10-13T13:02:42.791-04:00  INFO 38404 --- [main] c.e.f.interceptors.RawUrlLoggerIntc      : [FHIR-URL] method=GET raw=https://hapi.fhir.org/baseR4/Patient?_has%3AObservation%3Asubject%3Acode=http%3A%2F%2Floinc.org%7C72166-2&_elements=address%2Cid ascii=https://hapi.fhir.org/baseR4/Patient?_has%3AObservation%3Asubject%3Acode=http%3A%2F%2Floinc.org%7C72166-2&_elements=address%2Cid decoded=https://hapi.fhir.org/baseR4/Patient?_has:Observation:subject:code=http://loinc.org|72166-2&_elements=address,id
2025-10-13T13:02:42.791-04:00  INFO 38404 --- [main] c.u.f.r.c.i.LoggingInterceptor           : Client request: GET https://hapi.fhir.org/baseR4/Patient?_has%3AObservation%3Asubject%3Acode=http%3A%2F%2Floinc.org%7C72166-2&_elements=address%2Cid HTTP/1.1
2025-10-13T13:02:53.779-04:00  INFO 38404 --- [main] c.u.f.r.c.i.LoggingInterceptor           : Client response: HTTP 200 OK in 00:00:10.988
2025-10-13T13:02:53.779-04:00  INFO 38404 --- [main] c.e.fhirclient.interceptors.TimingIntc   : [TIMING] GET https://hapi.fhir.org/baseR4/Patient?_has%3AObservation%3Asubject%3Acode=http%3A%2F%2Floinc.org%7C72166-2&_elements=address%2Cid -> 10988 ms
2025-10-13T13:05:30.448-04:00  INFO 29404 --- [main] com.spring.hapi.fhirclient.Application       : Starting Application using Java 20 with PID 29404 (C:\Users\alpiv\Downloads\spring-hapi-fhir-client-template\target\classes started by alpivonka in C:\Users\alpiv\Downloads\spring-hapi-fhir-client-template)
2025-10-13T13:05:30.451-04:00  INFO 29404 --- [main] com.spring.hapi.fhirclient.Application       : No active profile set, falling back to 1 default profile: "default"
2025-10-13T13:05:32.209-04:00  INFO 29404 --- [main] o.s.b.w.embedded.tomcat.TomcatWebServer  : Tomcat initialized with port 8080 (http)
2025-10-13T13:05:32.227-04:00  INFO 29404 --- [main] o.apache.catalina.core.StandardService   : Starting service [Tomcat]
2025-10-13T13:05:32.227-04:00  INFO 29404 --- [main] o.apache.catalina.core.StandardEngine    : Starting Servlet engine: [Apache Tomcat/10.1.30]
2025-10-13T13:05:32.315-04:00  INFO 29404 --- [main] o.a.c.c.C.[Tomcat].[localhost].[/]       : Initializing Spring embedded WebApplicationContext
2025-10-13T13:05:32.315-04:00  INFO 29404 --- [main] w.s.c.ServletWebServerApplicationContext : Root WebApplicationContext: initialization completed in 1806 ms
2025-10-13T13:05:33.174-04:00  INFO 29404 --- [main] o.s.b.w.embedded.tomcat.TomcatWebServer  : Tomcat started on port 8080 (http) with context path '/'
2025-10-13T13:05:33.185-04:00  INFO 29404 --- [main] com.spring.hapi.fhirclient.Application       : Started Application in 3.41 seconds (process running for 4.036)
2025-10-13T13:05:34.119-04:00  INFO 29404 --- [main] ca.uhn.fhir.util.VersionUtil             : HAPI FHIR version 8.2.1 - Rev e998047941
2025-10-13T13:05:34.128-04:00  INFO 29404 --- [main] ca.uhn.fhir.context.FhirContext          : Creating new FHIR context for FHIR version [R4]
2025-10-13T13:05:34.246-04:00  INFO 29404 --- [main] ca.uhn.fhir.util.XmlUtil                 : Unable to determine StAX implementation: java.xml/META-INF/MANIFEST.MF not found
2025-10-13T13:05:35.123-04:00  INFO 29404 --- [main] c.e.f.interceptors.RawUrlLoggerIntc      : [FHIR-URL] method=GET raw=https://hapi.fhir.org/baseR4/metadata ascii=https://hapi.fhir.org/baseR4/metadata decoded=https://hapi.fhir.org/baseR4/metadata
2025-10-13T13:05:35.125-04:00  INFO 29404 --- [main] c.u.f.r.c.i.LoggingInterceptor           : Client request: GET https://hapi.fhir.org/baseR4/metadata HTTP/1.1
2025-10-13T13:05:35.398-04:00  INFO 29404 --- [main] c.u.f.r.c.i.LoggingInterceptor           : Client response: HTTP 200 OK (CapabilityStatement/0cc3c1a4-a15b-4f93-b5b6-d6c13875d2bb) in 269ms
2025-10-13T13:05:35.398-04:00  INFO 29404 --- [main] c.e.fhirclient.interceptors.TimingIntc   : [TIMING] GET https://hapi.fhir.org/baseR4/metadata -> 273 ms
2025-10-13T13:05:35.677-04:00  INFO 29404 --- [main] c.e.f.interceptors.RawUrlLoggerIntc      : [FHIR-URL] method=GET raw=https://hapi.fhir.org/baseR4/metadata ascii=https://hapi.fhir.org/baseR4/metadata decoded=https://hapi.fhir.org/baseR4/metadata
2025-10-13T13:05:35.678-04:00  INFO 29404 --- [main] c.u.f.r.c.i.LoggingInterceptor           : Client request: GET https://hapi.fhir.org/baseR4/metadata HTTP/1.1
2025-10-13T13:05:35.749-04:00  INFO 29404 --- [main] c.u.f.r.c.i.LoggingInterceptor           : Client response: HTTP 200 OK (CapabilityStatement/0cc3c1a4-a15b-4f93-b5b6-d6c13875d2bb) in 71ms
2025-10-13T13:05:35.749-04:00  INFO 29404 --- [main] c.e.fhirclient.interceptors.TimingIntc   : [TIMING] GET https://hapi.fhir.org/baseR4/metadata -> 71 ms
2025-10-13T13:05:36.286-04:00  INFO 29404 --- [main] c.e.f.interceptors.RawUrlLoggerIntc      : [FHIR-URL] method=GET raw=https://hapi.fhir.org/baseR4/Observation?code=http%3A%2F%2Floinc.org%5C%7C8480-6%5C%2Chttp%3A%2F%2Floinc.org%5C%7C8462-4&date=ge2024-01-01&subject=Patient%2F123&_include=Observation%3Asubject&_include=Observation%3Aperformer&_sort=-date&_count=100&_summary=data ascii=https://hapi.fhir.org/baseR4/Observation?code=http%3A%2F%2Floinc.org%5C%7C8480-6%5C%2Chttp%3A%2F%2Floinc.org%5C%7C8462-4&date=ge2024-01-01&subject=Patient%2F123&_include=Observation%3Asubject&_include=Observation%3Aperformer&_sort=-date&_count=100&_summary=data decoded=https://hapi.fhir.org/baseR4/Observation?code=http://loinc.org\|8480-6\,http://loinc.org\|8462-4&date=ge2024-01-01&subject=Patient/123&_include=Observation:subject&_include=Observation:performer&_sort=-date&_count=100&_summary=data
2025-10-13T13:05:36.286-04:00  INFO 29404 --- [main] c.u.f.r.c.i.LoggingInterceptor           : Client request: GET https://hapi.fhir.org/baseR4/Observation?code=http%3A%2F%2Floinc.org%5C%7C8480-6%5C%2Chttp%3A%2F%2Floinc.org%5C%7C8462-4&date=ge2024-01-01&subject=Patient%2F123&_include=Observation%3Asubject&_include=Observation%3Aperformer&_sort=-date&_count=100&_summary=data HTTP/1.1
2025-10-13T13:05:36.333-04:00  INFO 29404 --- [main] c.u.f.r.c.i.LoggingInterceptor           : Client response: HTTP 200 OK in 47ms
2025-10-13T13:05:36.333-04:00  INFO 29404 --- [main] c.e.fhirclient.interceptors.TimingIntc   : [TIMING] GET https://hapi.fhir.org/baseR4/Observation?code=http%3A%2F%2Floinc.org%5C%7C8480-6%5C%2Chttp%3A%2F%2Floinc.org%5C%7C8462-4&date=ge2024-01-01&subject=Patient%2F123&_include=Observation%3Asubject&_include=Observation%3Aperformer&_sort=-date&_count=100&_summary=data -> 47 ms
2025-10-13T13:05:38.074-04:00  INFO 29404 --- [main] ca.uhn.fhir.context.FhirContext          : Creating new FHIR context for FHIR version [R4]
2025-10-13T13:05:38.131-04:00  INFO 29404 --- [main] c.e.f.interceptors.RawUrlLoggerIntc      : [FHIR-URL] method=GET raw=https://hapi.fhir.org/baseR4/metadata ascii=https://hapi.fhir.org/baseR4/metadata decoded=https://hapi.fhir.org/baseR4/metadata
2025-10-13T13:05:38.131-04:00  INFO 29404 --- [main] c.u.f.r.c.i.LoggingInterceptor           : Client request: GET https://hapi.fhir.org/baseR4/metadata HTTP/1.1
2025-10-13T13:05:38.349-04:00  INFO 29404 --- [main] c.u.f.r.c.i.LoggingInterceptor           : Client response: HTTP 200 OK (CapabilityStatement/0cc3c1a4-a15b-4f93-b5b6-d6c13875d2bb) in 218ms
2025-10-13T13:05:38.350-04:00  INFO 29404 --- [main] c.e.fhirclient.interceptors.TimingIntc   : [TIMING] GET https://hapi.fhir.org/baseR4/metadata -> 219 ms
2025-10-13T13:05:38.467-04:00  INFO 29404 --- [main] c.e.f.interceptors.RawUrlLoggerIntc      : [FHIR-URL] method=GET raw=https://hapi.fhir.org/baseR4/metadata ascii=https://hapi.fhir.org/baseR4/metadata decoded=https://hapi.fhir.org/baseR4/metadata
2025-10-13T13:05:38.467-04:00  INFO 29404 --- [main] c.u.f.r.c.i.LoggingInterceptor           : Client request: GET https://hapi.fhir.org/baseR4/metadata HTTP/1.1
2025-10-13T13:05:38.539-04:00  INFO 29404 --- [main] c.u.f.r.c.i.LoggingInterceptor           : Client response: HTTP 200 OK (CapabilityStatement/0cc3c1a4-a15b-4f93-b5b6-d6c13875d2bb) in 72ms
2025-10-13T13:05:38.540-04:00  INFO 29404 --- [main] c.e.fhirclient.interceptors.TimingIntc   : [TIMING] GET https://hapi.fhir.org/baseR4/metadata -> 73 ms
2025-10-13T13:05:38.646-04:00  INFO 29404 --- [main] c.e.f.interceptors.RawUrlLoggerIntc      : [FHIR-URL] method=GET raw=https://hapi.fhir.org/baseR4/Patient?_has%3AObservation%3Asubject%3Acode=http%3A%2F%2Floinc.org%7C72166-2&_elements=address%2Cid ascii=https://hapi.fhir.org/baseR4/Patient?_has%3AObservation%3Asubject%3Acode=http%3A%2F%2Floinc.org%7C72166-2&_elements=address%2Cid decoded=https://hapi.fhir.org/baseR4/Patient?_has:Observation:subject:code=http://loinc.org|72166-2&_elements=address,id
2025-10-13T13:05:38.647-04:00  INFO 29404 --- [main] c.u.f.r.c.i.LoggingInterceptor           : Client request: GET https://hapi.fhir.org/baseR4/Patient?_has%3AObservation%3Asubject%3Acode=http%3A%2F%2Floinc.org%7C72166-2&_elements=address%2Cid HTTP/1.1
2025-10-13T13:05:49.092-04:00  INFO 29404 --- [main] c.u.f.r.c.i.LoggingInterceptor           : Client response: HTTP 200 OK in 00:00:10.445
2025-10-13T13:05:49.092-04:00  INFO 29404 --- [main] c.e.fhirclient.interceptors.TimingIntc   : [TIMING] GET https://hapi.fhir.org/baseR4/Patient?_has%3AObservation%3Asubject%3Acode=http%3A%2F%2Floinc.org%7C72166-2&_elements=address%2Cid -> 10445 ms
2025-10-13T13:06:54.290-04:00  INFO 6992 --- [main] com.spring.hapi.fhirclient.Application       : Starting Application using Java 20 with PID 6992 (C:\Users\alpiv\Downloads\spring-hapi-fhir-client-template\target\classes started by alpivonka in C:\Users\alpiv\Downloads\spring-hapi-fhir-client-template)
2025-10-13T13:06:54.294-04:00  INFO 6992 --- [main] com.spring.hapi.fhirclient.Application       : No active profile set, falling back to 1 default profile: "default"
2025-10-13T13:06:55.752-04:00  INFO 6992 --- [main] o.s.b.w.embedded.tomcat.TomcatWebServer  : Tomcat initialized with port 8080 (http)
2025-10-13T13:06:55.767-04:00  INFO 6992 --- [main] o.apache.catalina.core.StandardService   : Starting service [Tomcat]
2025-10-13T13:06:55.767-04:00  INFO 6992 --- [main] o.apache.catalina.core.StandardEngine    : Starting Servlet engine: [Apache Tomcat/10.1.30]
2025-10-13T13:06:55.844-04:00  INFO 6992 --- [main] o.a.c.c.C.[Tomcat].[localhost].[/]       : Initializing Spring embedded WebApplicationContext
2025-10-13T13:06:55.844-04:00  INFO 6992 --- [main] w.s.c.ServletWebServerApplicationContext : Root WebApplicationContext: initialization completed in 1488 ms
2025-10-13T13:06:56.579-04:00  INFO 6992 --- [main] o.s.b.w.embedded.tomcat.TomcatWebServer  : Tomcat started on port 8080 (http) with context path '/'
2025-10-13T13:06:56.588-04:00  INFO 6992 --- [main] com.spring.hapi.fhirclient.Application       : Started Application in 3.173 seconds (process running for 3.902)
2025-10-13T13:06:57.528-04:00  INFO 6992 --- [main] ca.uhn.fhir.util.VersionUtil             : HAPI FHIR version 8.2.1 - Rev e998047941
2025-10-13T13:06:57.534-04:00  INFO 6992 --- [main] ca.uhn.fhir.context.FhirContext          : Creating new FHIR context for FHIR version [R4]
2025-10-13T13:06:57.627-04:00  INFO 6992 --- [main] ca.uhn.fhir.util.XmlUtil                 : Unable to determine StAX implementation: java.xml/META-INF/MANIFEST.MF not found
2025-10-13T13:06:58.391-04:00  INFO 6992 --- [main] c.e.f.interceptors.RawUrlLoggerIntc      : [FHIR-URL] method=GET raw=https://hapi.fhir.org/baseR4/metadata ascii=https://hapi.fhir.org/baseR4/metadata decoded=https://hapi.fhir.org/baseR4/metadata
2025-10-13T13:06:58.392-04:00  INFO 6992 --- [main] c.u.f.r.c.i.LoggingInterceptor           : Client request: GET https://hapi.fhir.org/baseR4/metadata HTTP/1.1
2025-10-13T13:06:58.656-04:00  INFO 6992 --- [main] c.u.f.r.c.i.LoggingInterceptor           : Client response: HTTP 200 OK (CapabilityStatement/0cc3c1a4-a15b-4f93-b5b6-d6c13875d2bb) in 259ms
2025-10-13T13:06:58.657-04:00  INFO 6992 --- [main] c.e.fhirclient.interceptors.TimingIntc   : [TIMING] GET https://hapi.fhir.org/baseR4/metadata -> 265 ms
2025-10-13T13:06:58.908-04:00  INFO 6992 --- [main] c.e.f.interceptors.RawUrlLoggerIntc      : [FHIR-URL] method=GET raw=https://hapi.fhir.org/baseR4/metadata ascii=https://hapi.fhir.org/baseR4/metadata decoded=https://hapi.fhir.org/baseR4/metadata
2025-10-13T13:06:58.908-04:00  INFO 6992 --- [main] c.u.f.r.c.i.LoggingInterceptor           : Client request: GET https://hapi.fhir.org/baseR4/metadata HTTP/1.1
2025-10-13T13:06:58.983-04:00  INFO 6992 --- [main] c.u.f.r.c.i.LoggingInterceptor           : Client response: HTTP 200 OK (CapabilityStatement/0cc3c1a4-a15b-4f93-b5b6-d6c13875d2bb) in 75ms
2025-10-13T13:06:58.983-04:00  INFO 6992 --- [main] c.e.fhirclient.interceptors.TimingIntc   : [TIMING] GET https://hapi.fhir.org/baseR4/metadata -> 75 ms
2025-10-13T13:06:59.438-04:00  INFO 6992 --- [main] c.e.f.interceptors.RawUrlLoggerIntc      : [FHIR-URL] method=GET raw=https://hapi.fhir.org/baseR4/Observation?code=http%3A%2F%2Floinc.org%5C%7C8480-6%5C%2Chttp%3A%2F%2Floinc.org%5C%7C8462-4&date=ge2024-01-01&subject=Patient%2F123&_include=Observation%3Asubject&_include=Observation%3Aperformer&_sort=-date&_count=100&_summary=data ascii=https://hapi.fhir.org/baseR4/Observation?code=http%3A%2F%2Floinc.org%5C%7C8480-6%5C%2Chttp%3A%2F%2Floinc.org%5C%7C8462-4&date=ge2024-01-01&subject=Patient%2F123&_include=Observation%3Asubject&_include=Observation%3Aperformer&_sort=-date&_count=100&_summary=data decoded=https://hapi.fhir.org/baseR4/Observation?code=http://loinc.org\|8480-6\,http://loinc.org\|8462-4&date=ge2024-01-01&subject=Patient/123&_include=Observation:subject&_include=Observation:performer&_sort=-date&_count=100&_summary=data
2025-10-13T13:06:59.439-04:00  INFO 6992 --- [main] c.u.f.r.c.i.LoggingInterceptor           : Client request: GET https://hapi.fhir.org/baseR4/Observation?code=http%3A%2F%2Floinc.org%5C%7C8480-6%5C%2Chttp%3A%2F%2Floinc.org%5C%7C8462-4&date=ge2024-01-01&subject=Patient%2F123&_include=Observation%3Asubject&_include=Observation%3Aperformer&_sort=-date&_count=100&_summary=data HTTP/1.1
2025-10-13T13:06:59.492-04:00  INFO 6992 --- [main] c.u.f.r.c.i.LoggingInterceptor           : Client response: HTTP 200 OK in 53ms
2025-10-13T13:06:59.493-04:00  INFO 6992 --- [main] c.e.fhirclient.interceptors.TimingIntc   : [TIMING] GET https://hapi.fhir.org/baseR4/Observation?code=http%3A%2F%2Floinc.org%5C%7C8480-6%5C%2Chttp%3A%2F%2Floinc.org%5C%7C8462-4&date=ge2024-01-01&subject=Patient%2F123&_include=Observation%3Asubject&_include=Observation%3Aperformer&_sort=-date&_count=100&_summary=data -> 54 ms
2025-10-13T13:06:59.971-04:00  INFO 6992 --- [main] ca.uhn.fhir.context.FhirContext          : Creating new FHIR context for FHIR version [R4]
2025-10-13T13:06:59.998-04:00  INFO 6992 --- [main] c.e.f.interceptors.RawUrlLoggerIntc      : [FHIR-URL] method=GET raw=https://hapi.fhir.org/baseR4/metadata ascii=https://hapi.fhir.org/baseR4/metadata decoded=https://hapi.fhir.org/baseR4/metadata
2025-10-13T13:06:59.999-04:00  INFO 6992 --- [main] c.u.f.r.c.i.LoggingInterceptor           : Client request: GET https://hapi.fhir.org/baseR4/metadata HTTP/1.1
2025-10-13T13:07:00.213-04:00  INFO 6992 --- [main] c.u.f.r.c.i.LoggingInterceptor           : Client response: HTTP 200 OK (CapabilityStatement/0cc3c1a4-a15b-4f93-b5b6-d6c13875d2bb) in 214ms
2025-10-13T13:07:00.213-04:00  INFO 6992 --- [main] c.e.fhirclient.interceptors.TimingIntc   : [TIMING] GET https://hapi.fhir.org/baseR4/metadata -> 214 ms
2025-10-13T13:07:00.339-04:00  INFO 6992 --- [main] c.e.f.interceptors.RawUrlLoggerIntc      : [FHIR-URL] method=GET raw=https://hapi.fhir.org/baseR4/metadata ascii=https://hapi.fhir.org/baseR4/metadata decoded=https://hapi.fhir.org/baseR4/metadata
2025-10-13T13:07:00.340-04:00  INFO 6992 --- [main] c.u.f.r.c.i.LoggingInterceptor           : Client request: GET https://hapi.fhir.org/baseR4/metadata HTTP/1.1
2025-10-13T13:07:00.421-04:00  INFO 6992 --- [main] c.u.f.r.c.i.LoggingInterceptor           : Client response: HTTP 200 OK (CapabilityStatement/0cc3c1a4-a15b-4f93-b5b6-d6c13875d2bb) in 81ms
2025-10-13T13:07:00.422-04:00  INFO 6992 --- [main] c.e.fhirclient.interceptors.TimingIntc   : [TIMING] GET https://hapi.fhir.org/baseR4/metadata -> 82 ms
2025-10-13T13:07:00.542-04:00  INFO 6992 --- [main] c.e.f.interceptors.RawUrlLoggerIntc      : [FHIR-URL] method=GET raw=https://hapi.fhir.org/baseR4/Patient?_has%3AObservation%3Asubject%3Acode=http%3A%2F%2Floinc.org%7C72166-2&_elements=address%2Cid ascii=https://hapi.fhir.org/baseR4/Patient?_has%3AObservation%3Asubject%3Acode=http%3A%2F%2Floinc.org%7C72166-2&_elements=address%2Cid decoded=https://hapi.fhir.org/baseR4/Patient?_has:Observation:subject:code=http://loinc.org|72166-2&_elements=address,id
2025-10-13T13:07:00.543-04:00  INFO 6992 --- [main] c.u.f.r.c.i.LoggingInterceptor           : Client request: GET https://hapi.fhir.org/baseR4/Patient?_has%3AObservation%3Asubject%3Acode=http%3A%2F%2Floinc.org%7C72166-2&_elements=address%2Cid HTTP/1.1
2025-10-13T13:07:10.940-04:00  INFO 6992 --- [main] c.u.f.r.c.i.LoggingInterceptor           : Client response: HTTP 200 OK in 00:00:10.397
2025-10-13T13:07:10.941-04:00  INFO 6992 --- [main] c.e.fhirclient.interceptors.TimingIntc   : [TIMING] GET https://hapi.fhir.org/baseR4/Patient?_has%3AObservation%3Asubject%3Acode=http%3A%2F%2Floinc.org%7C72166-2&_elements=address%2Cid -> 10398 ms
2025-10-13T13:07:44.193-04:00  INFO 24356 --- [main] com.spring.hapi.fhirclient.Application       : Starting Application using Java 20 with PID 24356 (C:\Users\alpiv\Downloads\spring-hapi-fhir-client-template\target\classes started by alpivonka in C:\Users\alpiv\Downloads\spring-hapi-fhir-client-template)
2025-10-13T13:07:44.195-04:00  INFO 24356 --- [main] com.spring.hapi.fhirclient.Application       : No active profile set, falling back to 1 default profile: "default"
2025-10-13T13:07:45.577-04:00  INFO 24356 --- [main] o.s.b.w.embedded.tomcat.TomcatWebServer  : Tomcat initialized with port 8080 (http)
2025-10-13T13:07:45.590-04:00  INFO 24356 --- [main] o.apache.catalina.core.StandardService   : Starting service [Tomcat]
2025-10-13T13:07:45.590-04:00  INFO 24356 --- [main] o.apache.catalina.core.StandardEngine    : Starting Servlet engine: [Apache Tomcat/10.1.30]
2025-10-13T13:07:45.661-04:00  INFO 24356 --- [main] o.a.c.c.C.[Tomcat].[localhost].[/]       : Initializing Spring embedded WebApplicationContext
2025-10-13T13:07:45.661-04:00  INFO 24356 --- [main] w.s.c.ServletWebServerApplicationContext : Root WebApplicationContext: initialization completed in 1412 ms
2025-10-13T13:07:46.403-04:00  INFO 24356 --- [main] o.s.b.w.embedded.tomcat.TomcatWebServer  : Tomcat started on port 8080 (http) with context path '/'
2025-10-13T13:07:46.414-04:00  INFO 24356 --- [main] com.spring.hapi.fhirclient.Application       : Started Application in 2.798 seconds (process running for 3.426)
2025-10-13T13:07:47.329-04:00  INFO 24356 --- [main] ca.uhn.fhir.util.VersionUtil             : HAPI FHIR version 8.2.1 - Rev e998047941
2025-10-13T13:07:47.335-04:00  INFO 24356 --- [main] ca.uhn.fhir.context.FhirContext          : Creating new FHIR context for FHIR version [R4]
2025-10-13T13:07:47.444-04:00  INFO 24356 --- [main] ca.uhn.fhir.util.XmlUtil                 : Unable to determine StAX implementation: java.xml/META-INF/MANIFEST.MF not found
2025-10-13T13:07:48.159-04:00  INFO 24356 --- [main] c.e.f.interceptors.RawUrlLoggerIntc      : [FHIR-URL] method=GET raw=https://hapi.fhir.org/baseR4/metadata ascii=https://hapi.fhir.org/baseR4/metadata decoded=https://hapi.fhir.org/baseR4/metadata
2025-10-13T13:07:48.161-04:00  INFO 24356 --- [main] c.u.f.r.c.i.LoggingInterceptor           : Client request: GET https://hapi.fhir.org/baseR4/metadata HTTP/1.1
2025-10-13T13:07:48.415-04:00  INFO 24356 --- [main] c.u.f.r.c.i.LoggingInterceptor           : Client response: HTTP 200 OK (CapabilityStatement/0cc3c1a4-a15b-4f93-b5b6-d6c13875d2bb) in 251ms
2025-10-13T13:07:48.415-04:00  INFO 24356 --- [main] c.e.fhirclient.interceptors.TimingIntc   : [TIMING] GET https://hapi.fhir.org/baseR4/metadata -> 254 ms
2025-10-13T13:07:48.658-04:00  INFO 24356 --- [main] c.e.f.interceptors.RawUrlLoggerIntc      : [FHIR-URL] method=GET raw=https://hapi.fhir.org/baseR4/metadata ascii=https://hapi.fhir.org/baseR4/metadata decoded=https://hapi.fhir.org/baseR4/metadata
2025-10-13T13:07:48.659-04:00  INFO 24356 --- [main] c.u.f.r.c.i.LoggingInterceptor           : Client request: GET https://hapi.fhir.org/baseR4/metadata HTTP/1.1
2025-10-13T13:07:48.732-04:00  INFO 24356 --- [main] c.u.f.r.c.i.LoggingInterceptor           : Client response: HTTP 200 OK (CapabilityStatement/0cc3c1a4-a15b-4f93-b5b6-d6c13875d2bb) in 73ms
2025-10-13T13:07:48.733-04:00  INFO 24356 --- [main] c.e.fhirclient.interceptors.TimingIntc   : [TIMING] GET https://hapi.fhir.org/baseR4/metadata -> 74 ms
2025-10-13T13:07:49.174-04:00  INFO 24356 --- [main] c.e.f.interceptors.RawUrlLoggerIntc      : [FHIR-URL] method=GET raw=https://hapi.fhir.org/baseR4/Observation?code=http%3A%2F%2Floinc.org%5C%7C8480-6%5C%2Chttp%3A%2F%2Floinc.org%5C%7C8462-4&date=ge2024-01-01&subject=Patient%2F123&_include=Observation%3Asubject&_include=Observation%3Aperformer&_sort=-date&_count=100&_summary=data ascii=https://hapi.fhir.org/baseR4/Observation?code=http%3A%2F%2Floinc.org%5C%7C8480-6%5C%2Chttp%3A%2F%2Floinc.org%5C%7C8462-4&date=ge2024-01-01&subject=Patient%2F123&_include=Observation%3Asubject&_include=Observation%3Aperformer&_sort=-date&_count=100&_summary=data decoded=https://hapi.fhir.org/baseR4/Observation?code=http://loinc.org\|8480-6\,http://loinc.org\|8462-4&date=ge2024-01-01&subject=Patient/123&_include=Observation:subject&_include=Observation:performer&_sort=-date&_count=100&_summary=data
2025-10-13T13:07:49.174-04:00  INFO 24356 --- [main] c.u.f.r.c.i.LoggingInterceptor           : Client request: GET https://hapi.fhir.org/baseR4/Observation?code=http%3A%2F%2Floinc.org%5C%7C8480-6%5C%2Chttp%3A%2F%2Floinc.org%5C%7C8462-4&date=ge2024-01-01&subject=Patient%2F123&_include=Observation%3Asubject&_include=Observation%3Aperformer&_sort=-date&_count=100&_summary=data HTTP/1.1
2025-10-13T13:07:49.223-04:00  INFO 24356 --- [main] c.u.f.r.c.i.LoggingInterceptor           : Client response: HTTP 200 OK in 48ms
2025-10-13T13:07:49.223-04:00  INFO 24356 --- [main] c.e.fhirclient.interceptors.TimingIntc   : [TIMING] GET https://hapi.fhir.org/baseR4/Observation?code=http%3A%2F%2Floinc.org%5C%7C8480-6%5C%2Chttp%3A%2F%2Floinc.org%5C%7C8462-4&date=ge2024-01-01&subject=Patient%2F123&_include=Observation%3Asubject&_include=Observation%3Aperformer&_sort=-date&_count=100&_summary=data -> 49 ms
2025-10-13T13:07:49.664-04:00  INFO 24356 --- [main] ca.uhn.fhir.context.FhirContext          : Creating new FHIR context for FHIR version [R4]
2025-10-13T13:07:49.691-04:00  INFO 24356 --- [main] c.e.f.interceptors.RawUrlLoggerIntc      : [FHIR-URL] method=GET raw=https://hapi.fhir.org/baseR4/metadata ascii=https://hapi.fhir.org/baseR4/metadata decoded=https://hapi.fhir.org/baseR4/metadata
2025-10-13T13:07:49.692-04:00  INFO 24356 --- [main] c.u.f.r.c.i.LoggingInterceptor           : Client request: GET https://hapi.fhir.org/baseR4/metadata HTTP/1.1
2025-10-13T13:07:49.911-04:00  INFO 24356 --- [main] c.u.f.r.c.i.LoggingInterceptor           : Client response: HTTP 200 OK (CapabilityStatement/0cc3c1a4-a15b-4f93-b5b6-d6c13875d2bb) in 219ms
2025-10-13T13:07:49.912-04:00  INFO 24356 --- [main] c.e.fhirclient.interceptors.TimingIntc   : [TIMING] GET https://hapi.fhir.org/baseR4/metadata -> 220 ms
2025-10-13T13:07:50.021-04:00  INFO 24356 --- [main] c.e.f.interceptors.RawUrlLoggerIntc      : [FHIR-URL] method=GET raw=https://hapi.fhir.org/baseR4/metadata ascii=https://hapi.fhir.org/baseR4/metadata decoded=https://hapi.fhir.org/baseR4/metadata
2025-10-13T13:07:50.021-04:00  INFO 24356 --- [main] c.u.f.r.c.i.LoggingInterceptor           : Client request: GET https://hapi.fhir.org/baseR4/metadata HTTP/1.1
2025-10-13T13:07:50.096-04:00  INFO 24356 --- [main] c.u.f.r.c.i.LoggingInterceptor           : Client response: HTTP 200 OK (CapabilityStatement/0cc3c1a4-a15b-4f93-b5b6-d6c13875d2bb) in 75ms
2025-10-13T13:07:50.096-04:00  INFO 24356 --- [main] c.e.fhirclient.interceptors.TimingIntc   : [TIMING] GET https://hapi.fhir.org/baseR4/metadata -> 75 ms
2025-10-13T13:07:50.197-04:00  INFO 24356 --- [main] c.e.f.interceptors.RawUrlLoggerIntc      : [FHIR-URL] method=GET raw=https://hapi.fhir.org/baseR4/Patient?_has%3AObservation%3Asubject%3Acode=http%3A%2F%2Floinc.org%7C72166-2&_count=200&_elements=address%2Cid ascii=https://hapi.fhir.org/baseR4/Patient?_has%3AObservation%3Asubject%3Acode=http%3A%2F%2Floinc.org%7C72166-2&_count=200&_elements=address%2Cid decoded=https://hapi.fhir.org/baseR4/Patient?_has:Observation:subject:code=http://loinc.org|72166-2&_count=200&_elements=address,id
2025-10-13T13:07:50.197-04:00  INFO 24356 --- [main] c.u.f.r.c.i.LoggingInterceptor           : Client request: GET https://hapi.fhir.org/baseR4/Patient?_has%3AObservation%3Asubject%3Acode=http%3A%2F%2Floinc.org%7C72166-2&_count=200&_elements=address%2Cid HTTP/1.1
2025-10-13T13:08:01.958-04:00  INFO 24356 --- [main] c.u.f.r.c.i.LoggingInterceptor           : Client response: HTTP 200 OK in 00:00:11.761
2025-10-13T13:08:01.958-04:00  INFO 24356 --- [main] c.e.fhirclient.interceptors.TimingIntc   : [TIMING] GET https://hapi.fhir.org/baseR4/Patient?_has%3AObservation%3Asubject%3Acode=http%3A%2F%2Floinc.org%7C72166-2&_count=200&_elements=address%2Cid -> 11761 ms
2025-10-13T13:26:28.651-04:00  INFO 1372 --- [main] com.spring.hapi.fhirclient.Application       : Starting Application using Java 20 with PID 1372 (C:\Users\alpiv\Downloads\spring-hapi-fhir-client-template\target\classes started by alpivonka in C:\Users\alpiv\Downloads\spring-hapi-fhir-client-template)
2025-10-13T13:26:28.653-04:00  INFO 1372 --- [main] com.spring.hapi.fhirclient.Application       : No active profile set, falling back to 1 default profile: "default"
2025-10-13T13:26:29.777-04:00  INFO 1372 --- [main] com.spring.hapi.fhirclient.Application       : Started Application in 1.79 seconds (process running for 2.313)
2025-10-13T13:26:30.696-04:00  INFO 1372 --- [main] ca.uhn.fhir.util.VersionUtil             : HAPI FHIR version 8.2.1 - Rev e998047941
2025-10-13T13:26:30.700-04:00  INFO 1372 --- [main] ca.uhn.fhir.context.FhirContext          : Creating new FHIR context for FHIR version [R4]
2025-10-13T13:26:30.788-04:00  INFO 1372 --- [main] ca.uhn.fhir.util.XmlUtil                 : Unable to determine StAX implementation: java.xml/META-INF/MANIFEST.MF not found
2025-10-13T13:26:31.411-04:00  INFO 1372 --- [main] c.e.f.interceptors.RawUrlLoggerIntc      : [FHIR-URL] method=GET raw=https://hapi.fhir.org/baseR4/metadata ascii=https://hapi.fhir.org/baseR4/metadata decoded=https://hapi.fhir.org/baseR4/metadata
2025-10-13T13:26:31.412-04:00  INFO 1372 --- [main] c.u.f.r.c.i.LoggingInterceptor           : Client request: GET https://hapi.fhir.org/baseR4/metadata HTTP/1.1
2025-10-13T13:26:31.658-04:00  INFO 1372 --- [main] c.u.f.r.c.i.LoggingInterceptor           : Client response: HTTP 200 OK (CapabilityStatement/e3262298-1abd-4872-b69d-fe8eb142dd0a) in 239ms
2025-10-13T13:26:31.658-04:00  INFO 1372 --- [main] c.e.fhirclient.interceptors.TimingIntc   : [TIMING] GET https://hapi.fhir.org/baseR4/metadata -> 246 ms
2025-10-13T13:26:31.900-04:00  INFO 1372 --- [main] c.e.f.interceptors.RawUrlLoggerIntc      : [FHIR-URL] method=GET raw=https://hapi.fhir.org/baseR4/metadata ascii=https://hapi.fhir.org/baseR4/metadata decoded=https://hapi.fhir.org/baseR4/metadata
2025-10-13T13:26:31.901-04:00  INFO 1372 --- [main] c.u.f.r.c.i.LoggingInterceptor           : Client request: GET https://hapi.fhir.org/baseR4/metadata HTTP/1.1
2025-10-13T13:26:31.973-04:00  INFO 1372 --- [main] c.u.f.r.c.i.LoggingInterceptor           : Client response: HTTP 200 OK (CapabilityStatement/e3262298-1abd-4872-b69d-fe8eb142dd0a) in 72ms
2025-10-13T13:26:31.974-04:00  INFO 1372 --- [main] c.e.fhirclient.interceptors.TimingIntc   : [TIMING] GET https://hapi.fhir.org/baseR4/metadata -> 73 ms
2025-10-13T13:26:32.434-04:00  INFO 1372 --- [main] c.e.f.interceptors.RawUrlLoggerIntc      : [FHIR-URL] method=GET raw=https://hapi.fhir.org/baseR4/Observation?code=http%3A%2F%2Floinc.org%5C%7C8480-6%5C%2Chttp%3A%2F%2Floinc.org%5C%7C8462-4&date=ge2024-01-01&subject=Patient%2F123&_include=Observation%3Asubject&_include=Observation%3Aperformer&_sort=-date&_count=100&_summary=data ascii=https://hapi.fhir.org/baseR4/Observation?code=http%3A%2F%2Floinc.org%5C%7C8480-6%5C%2Chttp%3A%2F%2Floinc.org%5C%7C8462-4&date=ge2024-01-01&subject=Patient%2F123&_include=Observation%3Asubject&_include=Observation%3Aperformer&_sort=-date&_count=100&_summary=data decoded=https://hapi.fhir.org/baseR4/Observation?code=http://loinc.org\|8480-6\,http://loinc.org\|8462-4&date=ge2024-01-01&subject=Patient/123&_include=Observation:subject&_include=Observation:performer&_sort=-date&_count=100&_summary=data
2025-10-13T13:26:32.435-04:00  INFO 1372 --- [main] c.u.f.r.c.i.LoggingInterceptor           : Client request: GET https://hapi.fhir.org/baseR4/Observation?code=http%3A%2F%2Floinc.org%5C%7C8480-6%5C%2Chttp%3A%2F%2Floinc.org%5C%7C8462-4&date=ge2024-01-01&subject=Patient%2F123&_include=Observation%3Asubject&_include=Observation%3Aperformer&_sort=-date&_count=100&_summary=data HTTP/1.1
2025-10-13T13:26:32.481-04:00  INFO 1372 --- [main] c.u.f.r.c.i.LoggingInterceptor           : Client response: HTTP 200 OK in 46ms
2025-10-13T13:26:32.482-04:00  INFO 1372 --- [main] c.e.fhirclient.interceptors.TimingIntc   : [TIMING] GET https://hapi.fhir.org/baseR4/Observation?code=http%3A%2F%2Floinc.org%5C%7C8480-6%5C%2Chttp%3A%2F%2Floinc.org%5C%7C8462-4&date=ge2024-01-01&subject=Patient%2F123&_include=Observation%3Asubject&_include=Observation%3Aperformer&_sort=-date&_count=100&_summary=data -> 47 ms
2025-10-13T13:26:33.162-04:00  INFO 1372 --- [main] ca.uhn.fhir.context.FhirContext          : Creating new FHIR context for FHIR version [R4]
2025-10-13T13:26:33.191-04:00  INFO 1372 --- [main] c.e.f.interceptors.RawUrlLoggerIntc      : [FHIR-URL] method=GET raw=https://hapi.fhir.org/baseR4/metadata ascii=https://hapi.fhir.org/baseR4/metadata decoded=https://hapi.fhir.org/baseR4/metadata
2025-10-13T13:26:33.191-04:00  INFO 1372 --- [main] c.u.f.r.c.i.LoggingInterceptor           : Client request: GET https://hapi.fhir.org/baseR4/metadata HTTP/1.1
2025-10-13T13:26:33.407-04:00  INFO 1372 --- [main] c.u.f.r.c.i.LoggingInterceptor           : Client response: HTTP 200 OK (CapabilityStatement/e3262298-1abd-4872-b69d-fe8eb142dd0a) in 216ms
2025-10-13T13:26:33.408-04:00  INFO 1372 --- [main] c.e.fhirclient.interceptors.TimingIntc   : [TIMING] GET https://hapi.fhir.org/baseR4/metadata -> 217 ms
2025-10-13T13:26:33.509-04:00  INFO 1372 --- [main] c.e.f.interceptors.RawUrlLoggerIntc      : [FHIR-URL] method=GET raw=https://hapi.fhir.org/baseR4/metadata ascii=https://hapi.fhir.org/baseR4/metadata decoded=https://hapi.fhir.org/baseR4/metadata
2025-10-13T13:26:33.509-04:00  INFO 1372 --- [main] c.u.f.r.c.i.LoggingInterceptor           : Client request: GET https://hapi.fhir.org/baseR4/metadata HTTP/1.1
2025-10-13T13:26:33.580-04:00  INFO 1372 --- [main] c.u.f.r.c.i.LoggingInterceptor           : Client response: HTTP 200 OK (CapabilityStatement/e3262298-1abd-4872-b69d-fe8eb142dd0a) in 71ms
2025-10-13T13:26:33.581-04:00  INFO 1372 --- [main] c.e.fhirclient.interceptors.TimingIntc   : [TIMING] GET https://hapi.fhir.org/baseR4/metadata -> 72 ms
2025-10-13T13:26:33.683-04:00  INFO 1372 --- [main] c.e.f.interceptors.RawUrlLoggerIntc      : [FHIR-URL] method=GET raw=https://hapi.fhir.org/baseR4/Patient?_has%3AObservation%3Asubject%3Acode=http%3A%2F%2Floinc.org%7C72166-2&_count=200&_elements=address%2Cid ascii=https://hapi.fhir.org/baseR4/Patient?_has%3AObservation%3Asubject%3Acode=http%3A%2F%2Floinc.org%7C72166-2&_count=200&_elements=address%2Cid decoded=https://hapi.fhir.org/baseR4/Patient?_has:Observation:subject:code=http://loinc.org|72166-2&_count=200&_elements=address,id
2025-10-13T13:26:33.683-04:00  INFO 1372 --- [main] c.u.f.r.c.i.LoggingInterceptor           : Client request: GET https://hapi.fhir.org/baseR4/Patient?_has%3AObservation%3Asubject%3Acode=http%3A%2F%2Floinc.org%7C72166-2&_count=200&_elements=address%2Cid HTTP/1.1
2025-10-13T13:26:46.157-04:00  INFO 1372 --- [main] c.u.f.r.c.i.LoggingInterceptor           : Client response: HTTP 200 OK in 00:00:12.473
2025-10-13T13:26:46.157-04:00  INFO 1372 --- [main] c.e.fhirclient.interceptors.TimingIntc   : [TIMING] GET https://hapi.fhir.org/baseR4/Patient?_has%3AObservation%3Asubject%3Acode=http%3A%2F%2Floinc.org%7C72166-2&_count=200&_elements=address%2Cid -> 12474 ms
2025-10-13T13:35:45.785-04:00  INFO 33900 --- [main] com.spring.hapi.fhirclient.FhirSearchIT      : Starting FhirSearchIT using Java 20 with PID 33900 (started by alpivonka in C:\Users\alpiv\Downloads\spring-hapi-fhir-client-template)
2025-10-13T13:35:45.787-04:00  INFO 33900 --- [main] com.spring.hapi.fhirclient.FhirSearchIT      : The following 1 profile is active: "test"
2025-10-13T13:35:47.274-04:00  INFO 33900 --- [main] com.spring.hapi.fhirclient.FhirSearchIT      : Started FhirSearchIT in 1.928 seconds (process running for 3.613)
2025-10-13T13:35:48.238-04:00  INFO 33900 --- [main] ca.uhn.fhir.util.VersionUtil             : HAPI FHIR version 8.2.1 - Rev e998047941
2025-10-13T13:35:48.245-04:00  INFO 33900 --- [main] ca.uhn.fhir.context.FhirContext          : Creating new FHIR context for FHIR version [R4]
2025-10-13T13:35:48.322-04:00  INFO 33900 --- [main] ca.uhn.fhir.util.XmlUtil                 : Unable to determine StAX implementation: java.xml/META-INF/MANIFEST.MF not found
2025-10-13T13:35:49.131-04:00  INFO 33900 --- [main] c.e.f.interceptors.RawUrlLoggerIntc      : [FHIR-URL] method=GET raw=https://hapi.fhir.org/baseR4/metadata ascii=https://hapi.fhir.org/baseR4/metadata decoded=https://hapi.fhir.org/baseR4/metadata
2025-10-13T13:35:49.133-04:00  INFO 33900 --- [main] c.u.f.r.c.i.LoggingInterceptor           : Client request: GET https://hapi.fhir.org/baseR4/metadata HTTP/1.1
2025-10-13T13:35:49.391-04:00  INFO 33900 --- [main] c.u.f.r.c.i.LoggingInterceptor           : Client response: HTTP 200 OK (CapabilityStatement/3efd5534-e583-4463-a955-b343dfce4ea9) in 254ms
2025-10-13T13:35:49.392-04:00  INFO 33900 --- [main] c.e.fhirclient.interceptors.TimingIntc   : [TIMING] GET https://hapi.fhir.org/baseR4/metadata -> 259 ms
2025-10-13T13:35:49.693-04:00  INFO 33900 --- [main] c.e.f.interceptors.RawUrlLoggerIntc      : [FHIR-URL] method=GET raw=https://hapi.fhir.org/baseR4/metadata ascii=https://hapi.fhir.org/baseR4/metadata decoded=https://hapi.fhir.org/baseR4/metadata
2025-10-13T13:35:49.693-04:00  INFO 33900 --- [main] c.u.f.r.c.i.LoggingInterceptor           : Client request: GET https://hapi.fhir.org/baseR4/metadata HTTP/1.1
2025-10-13T13:35:49.769-04:00  INFO 33900 --- [main] c.u.f.r.c.i.LoggingInterceptor           : Client response: HTTP 200 OK (CapabilityStatement/3efd5534-e583-4463-a955-b343dfce4ea9) in 76ms
2025-10-13T13:35:49.769-04:00  INFO 33900 --- [main] c.e.fhirclient.interceptors.TimingIntc   : [TIMING] GET https://hapi.fhir.org/baseR4/metadata -> 76 ms
2025-10-13T13:35:50.348-04:00  INFO 33900 --- [main] c.e.f.interceptors.RawUrlLoggerIntc      : [FHIR-URL] method=GET raw=https://hapi.fhir.org/baseR4/Observation?code=http%3A%2F%2Floinc.org%5C%7C8480-6%5C%2Chttp%3A%2F%2Floinc.org%5C%7C8462-4&date=ge2024-01-01&subject=Patient%2F123&_include=Observation%3Asubject&_include=Observation%3Aperformer&_sort=-date&_count=100&_summary=data ascii=https://hapi.fhir.org/baseR4/Observation?code=http%3A%2F%2Floinc.org%5C%7C8480-6%5C%2Chttp%3A%2F%2Floinc.org%5C%7C8462-4&date=ge2024-01-01&subject=Patient%2F123&_include=Observation%3Asubject&_include=Observation%3Aperformer&_sort=-date&_count=100&_summary=data decoded=https://hapi.fhir.org/baseR4/Observation?code=http://loinc.org\|8480-6\,http://loinc.org\|8462-4&date=ge2024-01-01&subject=Patient/123&_include=Observation:subject&_include=Observation:performer&_sort=-date&_count=100&_summary=data
2025-10-13T13:35:50.349-04:00  INFO 33900 --- [main] c.u.f.r.c.i.LoggingInterceptor           : Client request: GET https://hapi.fhir.org/baseR4/Observation?code=http%3A%2F%2Floinc.org%5C%7C8480-6%5C%2Chttp%3A%2F%2Floinc.org%5C%7C8462-4&date=ge2024-01-01&subject=Patient%2F123&_include=Observation%3Asubject&_include=Observation%3Aperformer&_sort=-date&_count=100&_summary=data HTTP/1.1
2025-10-13T13:35:50.394-04:00  INFO 33900 --- [main] c.u.f.r.c.i.LoggingInterceptor           : Client response: HTTP 200 OK in 45ms
2025-10-13T13:35:50.395-04:00  INFO 33900 --- [main] c.e.fhirclient.interceptors.TimingIntc   : [TIMING] GET https://hapi.fhir.org/baseR4/Observation?code=http%3A%2F%2Floinc.org%5C%7C8480-6%5C%2Chttp%3A%2F%2Floinc.org%5C%7C8462-4&date=ge2024-01-01&subject=Patient%2F123&_include=Observation%3Asubject&_include=Observation%3Aperformer&_sort=-date&_count=100&_summary=data -> 46 ms
2025-10-13T13:35:50.844-04:00  INFO 33900 --- [main] ca.uhn.fhir.context.FhirContext          : Creating new FHIR context for FHIR version [R4]
2025-10-13T13:35:50.889-04:00  INFO 33900 --- [main] c.e.f.interceptors.RawUrlLoggerIntc      : [FHIR-URL] method=GET raw=https://hapi.fhir.org/baseR4/metadata ascii=https://hapi.fhir.org/baseR4/metadata decoded=https://hapi.fhir.org/baseR4/metadata
2025-10-13T13:35:50.890-04:00  INFO 33900 --- [main] c.u.f.r.c.i.LoggingInterceptor           : Client request: GET https://hapi.fhir.org/baseR4/metadata HTTP/1.1
2025-10-13T13:35:51.112-04:00  INFO 33900 --- [main] c.u.f.r.c.i.LoggingInterceptor           : Client response: HTTP 200 OK (CapabilityStatement/3efd5534-e583-4463-a955-b343dfce4ea9) in 222ms
2025-10-13T13:35:51.113-04:00  INFO 33900 --- [main] c.e.fhirclient.interceptors.TimingIntc   : [TIMING] GET https://hapi.fhir.org/baseR4/metadata -> 223 ms
2025-10-13T13:35:51.220-04:00  INFO 33900 --- [main] c.e.f.interceptors.RawUrlLoggerIntc      : [FHIR-URL] method=GET raw=https://hapi.fhir.org/baseR4/metadata ascii=https://hapi.fhir.org/baseR4/metadata decoded=https://hapi.fhir.org/baseR4/metadata
2025-10-13T13:35:51.220-04:00  INFO 33900 --- [main] c.u.f.r.c.i.LoggingInterceptor           : Client request: GET https://hapi.fhir.org/baseR4/metadata HTTP/1.1
2025-10-13T13:35:51.296-04:00  INFO 33900 --- [main] c.u.f.r.c.i.LoggingInterceptor           : Client response: HTTP 200 OK (CapabilityStatement/3efd5534-e583-4463-a955-b343dfce4ea9) in 75ms
2025-10-13T13:35:51.297-04:00  INFO 33900 --- [main] c.e.fhirclient.interceptors.TimingIntc   : [TIMING] GET https://hapi.fhir.org/baseR4/metadata -> 77 ms
2025-10-13T13:35:51.405-04:00  INFO 33900 --- [main] c.e.f.interceptors.RawUrlLoggerIntc      : [FHIR-URL] method=GET raw=https://hapi.fhir.org/baseR4/Patient?_has%3AObservation%3Asubject%3Acode=http%3A%2F%2Floinc.org%7C72166-2&_count=200&_elements=address%2Cid ascii=https://hapi.fhir.org/baseR4/Patient?_has%3AObservation%3Asubject%3Acode=http%3A%2F%2Floinc.org%7C72166-2&_count=200&_elements=address%2Cid decoded=https://hapi.fhir.org/baseR4/Patient?_has:Observation:subject:code=http://loinc.org|72166-2&_count=200&_elements=address,id
2025-10-13T13:35:51.405-04:00  INFO 33900 --- [main] c.u.f.r.c.i.LoggingInterceptor           : Client request: GET https://hapi.fhir.org/baseR4/Patient?_has%3AObservation%3Asubject%3Acode=http%3A%2F%2Floinc.org%7C72166-2&_count=200&_elements=address%2Cid HTTP/1.1
2025-10-13T13:36:04.035-04:00  INFO 33900 --- [main] c.u.f.r.c.i.LoggingInterceptor           : Client response: HTTP 200 OK in 00:00:12.630
2025-10-13T13:36:04.035-04:00  INFO 33900 --- [main] c.e.fhirclient.interceptors.TimingIntc   : [TIMING] GET https://hapi.fhir.org/baseR4/Patient?_has%3AObservation%3Asubject%3Acode=http%3A%2F%2Floinc.org%7C72166-2&_count=200&_elements=address%2Cid -> 12630 ms
2025-10-13T13:36:04.086-04:00  WARN 33900 --- [main] o.s.c.c.w.WireMockTestExecutionListener  : You've used fixed ports for WireMock setup - will mark context as dirty. Please use random ports, as much as possible. Your tests will be faster and more reliable and this warning will go away
